#
# A fatal error has been detected by the Java Runtime Environment:
#
#  SIGSEGV (0xb) at pc=0x00007fe2578c5994, pid=13531, tid=140610059720448
#
# JRE version: 6.0_21-b06
# Java VM: Java HotSpot(TM) 64-Bit Server VM (17.0-b16 mixed mode linux-amd64 )
# Problematic frame:
# C  [libSdkSoftware.so+0x3e994]  _ZN11SdkSoftware3Mld13GetPropSeqRefENS0_8NodeTypeE+0x44
#
# If you would like to submit a bug report, please visit:
#   http://java.sun.com/webapps/bugreport/crash.jsp
# The crash happened outside the Java Virtual Machine in native code.
# See problematic frame for where to report the bug.
#

---------------  T H R E A D  ---------------

Current thread (0x00007fe348f66800):  JavaThread "ModalContext" [_thread_in_native, id=13995, stack(0x00007fe254995000,0x00007fe254a96000)]

siginfo:si_signo=SIGSEGV: si_errno=0, si_code=1 (SEGV_MAPERR), si_addr=0x0000000000000030

Registers:
RAX=0x00007fe2578c5994, RBX=0x00007fe250288c50, RCX=0x00007fe250263a30, RDX=0x00007fe2579115b0
RSP=0x00007fe254a93df8, RBP=0x00007fe250028028, RSI=0x0000000000000003, RDI=0x0000000000000000
R8 =0x0000000000000001, R9 =0x0000000000000001, R10=0x00007fe254a93b80, R11=0x00007fe2578c5950
R12=0x00007fe250288f98, R13=0x0000000000000000, R14=0x00007fe348f669c8, R15=0x0000000000000000
RIP=0x00007fe2578c5994, EFL=0x0000000000010203, CSGSFS=0x0000000000000033, ERR=0x0000000000000004
  TRAPNO=0x000000000000000e

Top of Stack: (sp=0x00007fe254a93df8)
0x00007fe254a93df8:   00007fe254791a6e 00007fe254a93ec0
0x00007fe254a93e08:   00007fe254a93eb0 00007fe254a93ea8
0x00007fe254a93e18:   00007fe250005e10 00007fe254a940d0
0x00007fe254a93e28:   00007fe254a94150 00007fe250000c38
0x00007fe254a93e38:   00007fe250000c50 00007fe2500279c0
0x00007fe254a93e48:   00007fe348c9ed40 0000000000000000
0x00007fe254a93e58:   0000000000000000 00007fe2500417bc
0x00007fe254a93e68:   000000338f814805 000000000000000a
0x00007fe254a93e78:   00007fe254a93f00 0000000000000000
0x00007fe254a93e88:   00007fe25003a0c0 00007fe254785e00
0x00007fe254a93e98:   00007fe2500013d0 0000000000000000
0x00007fe254a93ea8:   00000000016be245 00007fe25002884c
0x00007fe254a93eb8:   0000000000000005 00007fe25002845c
0x00007fe254a93ec8:   0000000000000000 00007fe348f669c8
0x00007fe254a93ed8:   0000000000000000 00007fe254785000
0x00007fe254a93ee8:   000000338f80e040 0000000000000005
0x00007fe254a93ef8:   0000000000000000 00007fe250041dbc
0x00007fe254a93f08:   00007fe254785e00 00007fe2500419cc
0x00007fe254a93f18:   00007fe254a940d0 0000000000000000
0x00007fe254a93f28:   0000000000000000 0000000000000000
0x00007fe254a93f38:   000000338f814805 00007fe254a94150
0x00007fe254a93f48:   0000000000000000 00007fe250005e10
0x00007fe254a93f58:   00007fe254a940d0 0000000000000000
0x00007fe254a93f68:   0000000000000000 0000000000000000
0x00007fe254a93f78:   00007fe348f669c8 0000000000000000
0x00007fe254a93f88:   00007fe25478d131 00007fe254a94030
0x00007fe254a93f98:   00007fe254a93fe0 00007fe254a93fb0
0x00007fe254a93fa8:   00007fe254a94110 00007fe254a941c0
0x00007fe254a93fb8:   00007fe254a941b0 00007fe254a941a0
0x00007fe254a93fc8:   00007fe254a94190 00007fe254a94180
0x00007fe254a93fd8:   00007fe254a94170 00007fe254a94050
0x00007fe254a93fe8:   00007fe254a94160 00007fe254a94150 

Instructions: (pc=0x00007fe2578c5994)
0x00007fe2578c5984:   47 30 48 83 c0 50 c3 48 8b 47 30 48 83 c0 38 c3
0x00007fe2578c5994:   48 8b 47 30 48 83 c0 20 c3 90 66 90 83 fe 06 77 

Stack: [0x00007fe254995000,0x00007fe254a96000],  sp=0x00007fe254a93df8,  free space=3fb0000000000000018k
Native frames: (J=compiled Java code, j=interpreted, Vv=VM code, C=native code)
C  [libSdkSoftware.so+0x3e994]  _ZN11SdkSoftware3Mld13GetPropSeqRefENS0_8NodeTypeE+0x44

Java frames: (J=compiled Java code, j=interpreted, Vv=VM code)
j  com.xilinx.sdk.sw.SwPlatformUtils$JNI.synchronizeMssWithHwChange(Ljava/lang/String;Ljava/lang/String;Ljava/lang/String;Ljava/lang/String;Ljava/lang/String;Ljava/lang/String;Ljava/lang/StringBuffer;)I+0
j  com.xilinx.sdk.sw.SwPlatformUtils.syncrhonizeMssWithHwChange(Ljava/lang/String;Lcom/xilinx/sdk/hw/IHwPlatform;Ljava/lang/String;Ljava/lang/String;Ljava/lang/String;Lcom/xilinx/sdk/sw/ISwReposMan;Ljava/lang/StringBuffer;)I+25
j  com.xilinx.sdk.hw.sync.internal.HwChangeWorkspaceSynchronizer$2.execute(Lorg/eclipse/core/runtime/IProgressMonitor;)V+187
j  org.eclipse.ui.actions.WorkspaceModifyOperation$1.run(Lorg/eclipse/core/runtime/IProgressMonitor;)V+5
j  org.eclipse.core.internal.resources.Workspace.run(Lorg/eclipse/core/resources/IWorkspaceRunnable;Lorg/eclipse/core/runtime/jobs/ISchedulingRule;ILorg/eclipse/core/runtime/IProgressMonitor;)V+80
j  org.eclipse.ui.actions.WorkspaceModifyOperation.run(Lorg/eclipse/core/runtime/IProgressMonitor;)V+25
j  org.eclipse.jface.operation.ModalContext$ModalContextThread.run()V+15
v  ~StubRoutines::call_stub

---------------  P R O C E S S  ---------------

Java Threads: ( => current thread )
=>0x00007fe348f66800 JavaThread "ModalContext" [_thread_in_native, id=13995, stack(0x00007fe254995000,0x00007fe254a96000)]
  0x00007fe28000c800 JavaThread "Worker-7" [_thread_blocked, id=13717, stack(0x00007fe2d4fe7000,0x00007fe2d50e8000)]
  0x00007fe28c0b7000 JavaThread "Worker-6" [_thread_blocked, id=13716, stack(0x00007fe2d4a51000,0x00007fe2d4b52000)]
  0x00007fe28c148000 JavaThread "Worker-5" [_thread_blocked, id=13715, stack(0x00007fe2d5318000,0x00007fe2d5419000)]
  0x00007fe29000d800 JavaThread "Worker-4" [_thread_blocked, id=13714, stack(0x00007fe2d6589000,0x00007fe2d668a000)]
  0x00007fe284321800 JavaThread "Bundle File Closer" daemon [_thread_blocked, id=13708, stack(0x00007fe2d4950000,0x00007fe2d4a51000)]
  0x00007fe290018000 JavaThread "Worker-3" [_thread_blocked, id=13690, stack(0x00007fe2d55eb000,0x00007fe2d56ec000)]
  0x00007fe290017000 JavaThread "Worker-2" [_thread_blocked, id=13675, stack(0x00007fe2d5419000,0x00007fe2d551a000)]
  0x00007fe290019800 JavaThread "Worker-1" [_thread_blocked, id=13674, stack(0x00007fe2d5768000,0x00007fe2d5869000)]
  0x00007fe3485d2800 JavaThread "Worker-0" [_thread_blocked, id=13671, stack(0x00007fe2d688c000,0x00007fe2d698d000)]
  0x00007fe29807a000 JavaThread "Worker-JM" [_thread_blocked, id=13597, stack(0x00007fe2d668a000,0x00007fe2d678b000)]
  0x00007fe298063800 JavaThread "[Timer] - Main Queue Handler" daemon [_thread_blocked, id=13583, stack(0x00007fe2d678b000,0x00007fe2d688c000)]
  0x00007fe298011000 JavaThread "Framework Event Dispatcher" daemon [_thread_blocked, id=13580, stack(0x00007fe2d698d000,0x00007fe2d6a8e000)]
  0x00007fe3482b2000 JavaThread "Start Level Event Dispatcher" daemon [_thread_blocked, id=13579, stack(0x00007fe2d6a8e000,0x00007fe2d6b8f000)]
  0x00007fe34837b800 JavaThread "State Data Manager" daemon [_thread_blocked, id=13578, stack(0x00007fe2d6b8f000,0x00007fe2d6c90000)]
  0x00007fe348300000 JavaThread "Framework Active Thread" [_thread_blocked, id=13577, stack(0x00007fe2d6c90000,0x00007fe2d6d91000)]
  0x00007fe3480d2000 JavaThread "Low Memory Detector" daemon [_thread_blocked, id=13557, stack(0x00007fe2d78f9000,0x00007fe2d79fa000)]
  0x00007fe3480d0000 JavaThread "CompilerThread1" daemon [_thread_blocked, id=13556, stack(0x00007fe2d79fa000,0x00007fe2d7afb000)]
  0x00007fe3480cd000 JavaThread "CompilerThread0" daemon [_thread_blocked, id=13555, stack(0x00007fe2d7afb000,0x00007fe2d7bfc000)]
  0x00007fe3480cb000 JavaThread "Signal Dispatcher" daemon [_thread_blocked, id=13554, stack(0x00007fe2d7bfc000,0x00007fe2d7cfd000)]
  0x00007fe3480ae000 JavaThread "Finalizer" daemon [_thread_blocked, id=13553, stack(0x00007fe2d7cfd000,0x00007fe2d7dfe000)]
  0x00007fe3480ac000 JavaThread "Reference Handler" daemon [_thread_blocked, id=13552, stack(0x00007fe2d7dfe000,0x00007fe2d7eff000)]
  0x00007fe348008800 JavaThread "main" [_thread_in_native, id=13532, stack(0x00007fe34e3f3000,0x00007fe34e4f4000)]

Other Threads:
  0x00007fe3480a7800 VMThread [stack: 0x00007fe2d7eff000,0x00007fe2d8000000] [id=13551]
  0x00007fe3480e5000 WatcherThread [stack: 0x00007fe2d77f8000,0x00007fe2d78f9000] [id=13558]

VM state:not at safepoint (normal execution)

VM Mutex/Monitor currently owned by a thread: None

Heap
 PSYoungGen      total 105792K, used 13778K [0x00007fe33d000000, 0x00007fe345000000, 0x00007fe345000000)
  eden space 80512K, 17% used [0x00007fe33d000000,0x00007fe33dd74998,0x00007fe341ea0000)
  from space 25280K, 0% used [0x00007fe341ea0000,0x00007fe341ea0000,0x00007fe343750000)
  to   space 25280K, 0% used [0x00007fe343750000,0x00007fe343750000,0x00007fe345000000)
 PSOldGen        total 124928K, used 66473K [0x00007fe32d000000, 0x00007fe334a00000, 0x00007fe33d000000)
  object space 124928K, 53% used [0x00007fe32d000000,0x00007fe3310ea598,0x00007fe334a00000)
 PSPermGen       total 129856K, used 60848K [0x00007fe31d000000, 0x00007fe324ed0000, 0x00007fe32d000000)
  object space 129856K, 46% used [0x00007fe31d000000,0x00007fe320b6c0e0,0x00007fe324ed0000)

Dynamic libraries:
40000000-40009000 r-xp 00000000 00:1a 23201141                           /remote/Xilinx/14.6/ISE/java6/lin64/jre/bin/java
40108000-4010a000 rwxp 00008000 00:1a 23201141                           /remote/Xilinx/14.6/ISE/java6/lin64/jre/bin/java
41dca000-41deb000 rwxp 00000000 00:00 0                                  [heap]
338f800000-338f820000 r-xp 00000000 fd:00 41418801                       /lib64/ld-2.12.so
338fa1f000-338fa20000 r-xp 0001f000 fd:00 41418801                       /lib64/ld-2.12.so
338fa20000-338fa21000 rwxp 00020000 fd:00 41418801                       /lib64/ld-2.12.so
338fa21000-338fa22000 rwxp 00000000 00:00 0 
338fc00000-338fd8a000 r-xp 00000000 fd:00 41418887                       /lib64/libc-2.12.so
338fd8a000-338ff8a000 ---p 0018a000 fd:00 41418887                       /lib64/libc-2.12.so
338ff8a000-338ff8e000 r-xp 0018a000 fd:00 41418887                       /lib64/libc-2.12.so
338ff8e000-338ff8f000 rwxp 0018e000 fd:00 41418887                       /lib64/libc-2.12.so
338ff8f000-338ff94000 rwxp 00000000 00:00 0 
3390000000-3390083000 r-xp 00000000 fd:00 41418991                       /lib64/libm-2.12.so
3390083000-3390282000 ---p 00083000 fd:00 41418991                       /lib64/libm-2.12.so
3390282000-3390283000 r-xp 00082000 fd:00 41418991                       /lib64/libm-2.12.so
3390283000-3390284000 rwxp 00083000 fd:00 41418991                       /lib64/libm-2.12.so
3390400000-3390417000 r-xp 00000000 fd:00 41465985                       /lib64/libpthread-2.12.so
3390417000-3390617000 ---p 00017000 fd:00 41465985                       /lib64/libpthread-2.12.so
3390617000-3390618000 r-xp 00017000 fd:00 41465985                       /lib64/libpthread-2.12.so
3390618000-3390619000 rwxp 00018000 fd:00 41465985                       /lib64/libpthread-2.12.so
3390619000-339061d000 rwxp 00000000 00:00 0 
3390800000-3390802000 r-xp 00000000 fd:00 41418858                       /lib64/libdl-2.12.so
3390802000-3390a02000 ---p 00002000 fd:00 41418858                       /lib64/libdl-2.12.so
3390a02000-3390a03000 r-xp 00002000 fd:00 41418858                       /lib64/libdl-2.12.so
3390a03000-3390a04000 rwxp 00003000 fd:00 41418858                       /lib64/libdl-2.12.so
3390c00000-3390c15000 r-xp 00000000 fd:00 41465979                       /lib64/libz.so.1.2.3
3390c15000-3390e14000 ---p 00015000 fd:00 41465979                       /lib64/libz.so.1.2.3
3390e14000-3390e15000 r-xp 00014000 fd:00 41465979                       /lib64/libz.so.1.2.3
3390e15000-3390e16000 rwxp 00015000 fd:00 41465979                       /lib64/libz.so.1.2.3
3391000000-3391007000 r-xp 00000000 fd:00 41466004                       /lib64/librt-2.12.so
3391007000-3391206000 ---p 00007000 fd:00 41466004                       /lib64/librt-2.12.so
3391206000-3391207000 r-xp 00006000 fd:00 41466004                       /lib64/librt-2.12.so
3391207000-3391208000 rwxp 00007000 fd:00 41466004                       /lib64/librt-2.12.so
3391400000-3391515000 r-xp 00000000 fd:00 41466005                       /lib64/libglib-2.0.so.0.2800.8
3391515000-3391715000 ---p 00115000 fd:00 41466005                       /lib64/libglib-2.0.so.0.2800.8
3391715000-3391716000 rwxp 00115000 fd:00 41466005                       /lib64/libglib-2.0.so.0.2800.8
3391716000-3391717000 rwxp 00000000 00:00 0 
3391800000-339181d000 r-xp 00000000 fd:00 41465988                       /lib64/libselinux.so.1
339181d000-3391a1c000 ---p 0001d000 fd:00 41465988                       /lib64/libselinux.so.1
3391a1c000-3391a1d000 r-xp 0001c000 fd:00 41465988                       /lib64/libselinux.so.1
3391a1d000-3391a1e000 rwxp 0001d000 fd:00 41465988                       /lib64/libselinux.so.1
3391a1e000-3391a1f000 rwxp 00000000 00:00 0 
3391c00000-3391c16000 r-xp 00000000 fd:00 41466000                       /lib64/libresolv-2.12.so
3391c16000-3391e16000 ---p 00016000 fd:00 41466000                       /lib64/libresolv-2.12.so
3391e16000-3391e17000 r-xp 00016000 fd:00 41466000                       /lib64/libresolv-2.12.so
3391e17000-3391e18000 rwxp 00017000 fd:00 41466000                       /lib64/libresolv-2.12.so
3391e18000-3391e1a000 rwxp 00000000 00:00 0 
3392000000-3392004000 r-xp 00000000 fd:00 41466006                       /lib64/libgthread-2.0.so.0.2800.8
3392004000-3392203000 ---p 00004000 fd:00 41466006                       /lib64/libgthread-2.0.so.0.2800.8
3392203000-3392204000 rwxp 00003000 fd:00 41466006                       /lib64/libgthread-2.0.so.0.2800.8
3392400000-3392440000 r-xp 00000000 fd:00 41466010                       /lib64/libdbus-1.so.3.4.0
3392440000-339263f000 ---p 00040000 fd:00 41466010                       /lib64/libdbus-1.so.3.4.0
339263f000-3392640000 r-xp 0003f000 fd:00 41466010                       /lib64/libdbus-1.so.3.4.0
3392640000-3392641000 rwxp 00040000 fd:00 41466010                       /lib64/libdbus-1.so.3.4.0
3392800000-339284a000 r-xp 00000000 fd:00 41466007                       /lib64/libgobject-2.0.so.0.2800.8
339284a000-3392a49000 ---p 0004a000 fd:00 41466007                       /lib64/libgobject-2.0.so.0.2800.8
3392a49000-3392a4b000 rwxp 00049000 fd:00 41466007                       /lib64/libgobject-2.0.so.0.2800.8
3392a4b000-3392a4c000 rwxp 00000000 00:00 0 
3392c00000-3392d37000 r-xp 00000000 fd:00 72093221                       /usr/lib64/libX11.so.6.3.0
3392d37000-3392f37000 ---p 00137000 fd:00 72093221                       /usr/lib64/libX11.so.6.3.0
3392f37000-3392f3d000 rwxp 00137000 fd:00 72093221                       /usr/lib64/libX11.so.6.3.0
3393000000-3393002000 r-xp 00000000 fd:00 72090771                       /usr/lib64/libXau.so.6.0.0
3393002000-3393202000 ---p 00002000 fd:00 72090771                       /usr/lib64/libXau.so.6.0.0
3393202000-3393203000 rwxp 00002000 fd:00 72090771                       /usr/lib64/libXau.so.6.0.0
3393400000-339341d000 r-xp 00000000 fd:00 72092784                       /usr/lib64/libxcb.so.1.1.0
339341d000-339361d000 ---p 0001d000 fd:00 72092784                       /usr/lib64/libxcb.so.1.1.0
339361d000-339361e000 rwxp 0001d000 fd:00 72092784                       /usr/lib64/libxcb.so.1.1.0
3393800000-3393811000 r-xp 00000000 fd:00 72093223                       /usr/lib64/libXext.so.6.4.0
3393811000-3393a11000 ---p 00011000 fd:00 72093223                       /usr/lib64/libXext.so.6.4.0
3393a11000-3393a12000 rwxp 00011000 fd:00 72093223                       /usr/lib64/libXext.so.6.4.0
3393c00000-3393c26000 r-xp 00000000 fd:00 41465982                       /lib64/libexpat.so.1.5.2
3393c26000-3393e25000 ---p 00026000 fd:00 41465982                       /lib64/libexpat.so.1.5.2
3393e25000-3393e28000 rwxp 00025000 fd:00 41465982                       /lib64/libexpat.so.1.5.2
3394000000-3394098000 r-xp 00000000 fd:00 72091384                       /usr/lib64/libfreetype.so.6.3.22
3394098000-3394297000 ---p 00098000 fd:00 72091384                       /usr/lib64/libfreetype.so.6.3.22
3394297000-339429d000 rwxp 00097000 fd:00 72091384                       /usr/lib64/libfreetype.so.6.3.22
3394400000-3394416000 r-xp 00000000 fd:00 41465983                       /lib64/libgcc_s-4.4.7-20120601.so.1
3394416000-3394615000 ---p 00016000 fd:00 41465983                       /lib64/libgcc_s-4.4.7-20120601.so.1
3394615000-3394616000 rwxp 00015000 fd:00 41465983                       /lib64/libgcc_s-4.4.7-20120601.so.1
3394800000-3394834000 r-xp 00000000 fd:00 72091385                       /usr/lib64/libfontconfig.so.1.4.4
3394834000-3394a34000 ---p 00034000 fd:00 72091385                       /usr/lib64/libfontconfig.so.1.4.4
3394a34000-3394a36000 rwxp 00034000 fd:00 72091385                       /usr/lib64/libfontconfig.so.1.4.4
3394c00000-3394c25000 r-xp 00000000 fd:00 72091383                       /usr/lib64/libpng12.so.0.49.0
3394c25000-3394e25000 ---p 00025000 fd:00 72091383                       /usr/lib64/libpng12.so.0.49.0
3394e25000-3394e26000 rwxp 00025000 fd:00 72091383                       /usr/lib64/libpng12.so.0.49.0
3395000000-3395009000 r-xp 00000000 fd:00 72095005                       /usr/lib64/libXrender.so.1.3.0
3395009000-3395208000 ---p 00009000 fd:00 72095005                       /usr/lib64/libXrender.so.1.3.0
3395208000-3395209000 rwxp 00008000 fd:00 72095005                       /usr/lib64/libXrender.so.1.3.0
3395400000-339540f000 r-xp 00000000 fd:00 72093167                       /usr/lib64/libXi.so.6.1.0
339540f000-339560e000 ---p 0000f000 fd:00 72093167                       /usr/lib64/libXi.so.6.1.0
339560e000-339560f000 rwxp 0000e000 fd:00 72093167                       /usr/lib64/libXi.so.6.1.0
3395800000-33958e8000 r-xp 00000000 fd:00 72091972                       /usr/lib64/libstdc++.so.6.0.13
33958e8000-3395ae8000 ---p 000e8000 fd:00 72091972                       /usr/lib64/libstdc++.so.6.0.13
3395ae8000-3395aef000 r-xp 000e8000 fd:00 72091972                       /usr/lib64/libstdc++.so.6.0.13
3395aef000-3395af1000 rwxp 000ef000 fd:00 72091972                       /usr/lib64/libstdc++.so.6.0.13
3395af1000-3395b06000 rwxp 00000000 00:00 0 
3395c00000-3395c04000 r-xp 00000000 fd:00 41465999                       /lib64/libuuid.so.1.3.0
3395c04000-3395e03000 ---p 00004000 fd:00 41465999                       /lib64/libuuid.so.1.3.0
3395e03000-3395e04000 rwxp 00003000 fd:00 41465999                       /lib64/libuuid.so.1.3.0
3396000000-3396002000 r-xp 00000000 fd:00 72095009                       /usr/lib64/libXinerama.so.1.0.0
3396002000-3396201000 ---p 00002000 fd:00 72095009                       /usr/lib64/libXinerama.so.1.0.0
3396201000-3396202000 rwxp 00001000 fd:00 72095009                       /usr/lib64/libXinerama.so.1.0.0
3396400000-3396409000 r-xp 00000000 fd:00 72095006                       /usr/lib64/libXrandr.so.2.2.0
3396409000-3396608000 ---p 00009000 fd:00 72095006                       /usr/lib64/libXrandr.so.2.2.0
3396608000-3396609000 rwxp 00008000 fd:00 72095006                       /usr/lib64/libXrandr.so.2.2.0
3396800000-3396805000 r-xp 00000000 fd:00 72095007                       /usr/lib64/libXfixes.so.3.1.0
3396805000-3396a04000 ---p 00005000 fd:00 72095007                       /usr/lib64/libXfixes.so.3.1.0
3396a04000-3396a05000 rwxp 00004000 fd:00 72095007                       /usr/lib64/libXfixes.so.3.1.0
3396c00000-3396c09000 r-xp 00000000 fd:00 72095008                       /usr/lib64/libXcursor.so.1.0.2
3396c09000-3396e09000 ---p 00009000 fd:00 72095008                       /usr/lib64/libXcursor.so.1.0.2
3396e09000-3396e0a000 rwxp 00009000 fd:00 72095008                       /usr/lib64/libXcursor.so.1.0.2
3397000000-3397040000 r-xp 00000000 fd:00 72092703                       /usr/lib64/libibus.so.2.0.0
3397040000-3397240000 ---p 00040000 fd:00 72092703                       /usr/lib64/libibus.so.2.0.0
3397240000-3397242000 rwxp 00040000 fd:00 72092703                       /usr/lib64/libibus.so.2.0.0
3397242000-3397243000 rwxp 00000000 00:00 0 
3399c00000-3399c03000 r-xp 00000000 fd:00 41466008                       /lib64/libgmodule-2.0.so.0.2800.8
3399c03000-3399e02000 ---p 00003000 fd:00 41466008                       /lib64/libgmodule-2.0.so.0.2800.8
3399e02000-3399e03000 rwxp 00002000 fd:00 41466008                       /lib64/libgmodule-2.0.so.0.2800.8
339a400000-339a410000 r-xp 00000000 fd:00 41465992                       /lib64/libbz2.so.1.0.4
339a410000-339a60f000 ---p 00010000 fd:00 41465992                       /lib64/libbz2.so.1.0.4
339a60f000-339a611000 rwxp 0000f000 fd:00 41465992                       /lib64/libbz2.so.1.0.4
339a800000-339a876000 r-xp 00000000 fd:00 72095165                       /usr/lib64/libcairo.so.2.10800.8
339a876000-339aa76000 ---p 00076000 fd:00 72095165                       /usr/lib64/libcairo.so.2.10800.8
339aa76000-339aa79000 rwxp 00076000 fd:00 72095165                       /usr/lib64/libcairo.so.2.10800.8
339ac00000-339ad14000 r-xp 00000000 fd:00 41466009                       /lib64/libgio-2.0.so.0.2800.8
339ad14000-339af13000 ---p 00114000 fd:00 41466009                       /lib64/libgio-2.0.so.0.2800.8
339af13000-339af18000 rwxp 00113000 fd:00 41466009                       /lib64/libgio-2.0.so.0.2800.8
339af18000-339af1a000 rwxp 00000000 00:00 0 
339ba00000-339ba20000 r-xp 00000000 fd:00 72097359                       /usr/lib64/libgdk_pixbuf-2.0.so.0.2400.1
339ba20000-339bc1f000 ---p 00020000 fd:00 72097359                       /usr/lib64/libgdk_pixbuf-2.0.so.0.2400.1
339bc1f000-339bc20000 rwxp 0001f000 fd:00 72097359                       /usr/lib64/libgdk_pixbuf-2.0.so.0.2400.1
339be00000-339be05000 r-xp 00000000 fd:00 72101771                       /usr/lib64/libXtst.so.6.1.0
339be05000-339c004000 ---p 00005000 fd:00 72101771                       /usr/lib64/libXtst.so.6.1.0
339c004000-339c005000 rwxp 00004000 fd:00 72101771                       /usr/lib64/libXtst.so.6.1.0
339c200000-339c2bb000 r-xp 00000000 fd:00 72097364                       /usr/lib64/libgdk-x11-2.0.so.0.2400.23
339c2bb000-339c4bb000 ---p 000bb000 fd:00 72097364                       /usr/lib64/libgdk-x11-2.0.so.0.2400.23
339c4bb000-339c4c0000 rwxp 000bb000 fd:00 72097364                       /usr/lib64/libgdk-x11-2.0.so.0.2400.23
339ca00000-339ca2a000 r-xp 00000000 fd:00 72095859                       /usr/lib64/libpangoft2-1.0.so.0.2800.1
339ca2a000-339cc29000 ---p 0002a000 fd:00 72095859                       /usr/lib64/libpangoft2-1.0.so.0.2800.1
339cc29000-339cc2b000 rwxp 00029000 fd:00 72095859                       /usr/lib64/libpangoft2-1.0.so.0.2800.1
339d400000-339d873000 r-xp 00000000 fd:00 72097418                       /usr/lib64/libgtk-x11-2.0.so.0.2400.23
339d873000-339da73000 ---p 00473000 fd:00 72097418                       /usr/lib64/libgtk-x11-2.0.so.0.2400.23
339da73000-339da7e000 rwxp 00473000 fd:00 72097418                       /usr/lib64/libgtk-x11-2.0.so.0.2400.23
339da7e000-339da80000 rwxp 00000000 00:00 0 
339dc00000-339dc0b000 r-xp 00000000 fd:00 72096173                       /usr/lib64/libpangocairo-1.0.so.0.2800.1
339dc0b000-339de0b000 ---p 0000b000 fd:00 72096173                       /usr/lib64/libpangocairo-1.0.so.0.2800.1
339de0b000-339de0c000 rwxp 0000b000 fd:00 72096173                       /usr/lib64/libpangocairo-1.0.so.0.2800.1
339e600000-339e61e000 r-xp 00000000 fd:00 72097383                       /usr/lib64/libatk-1.0.so.0.3009.1
339e61e000-339e81e000 ---p 0001e000 fd:00 72097383                       /usr/lib64/libatk-1.0.so.0.3009.1
339e81e000-339e821000 rwxp 0001e000 fd:00 72097383                       /usr/lib64/libatk-1.0.so.0.3009.1
339ea00000-339ea48000 r-xp 00000000 fd:00 72095261                       /usr/lib64/libpango-1.0.so.0.2800.1
339ea48000-339ec48000 ---p 00048000 fd:00 72095261                       /usr/lib64/libpango-1.0.so.0.2800.1
339ec48000-339ec4b000 rwxp 00048000 fd:00 72095261                       /usr/lib64/libpango-1.0.so.0.2800.1
339f800000-339f8a9000 r-xp 00000000 fd:00 72093452                       /usr/lib64/libpixman-1.so.0.32.4
339f8a9000-339faa8000 ---p 000a9000 fd:00 72093452                       /usr/lib64/libpixman-1.so.0.32.4
339faa8000-339fab0000 rwxp 000a8000 fd:00 72093452                       /usr/lib64/libpixman-1.so.0.32.4
339fc00000-339fc02000 r-xp 00000000 fd:00 72097249                       /usr/lib64/libXdamage.so.1.1.0
339fc02000-339fe01000 ---p 00002000 fd:00 72097249                       /usr/lib64/libXdamage.so.1.1.0
339fe01000-339fe02000 rwxp 00001000 fd:00 72097249                       /usr/lib64/libXdamage.so.1.1.0
33a0000000-33a0016000 r-xp 00000000 fd:00 41465989                       /lib64/libnsl-2.12.so
33a0016000-33a0215000 ---p 00016000 fd:00 41465989                       /lib64/libnsl-2.12.so
33a0215000-33a0216000 r-xp 00015000 fd:00 41465989                       /lib64/libnsl-2.12.so
33a0216000-33a0217000 rwxp 00016000 fd:00 41465989                       /lib64/libnsl-2.12.so
33a0217000-33a0219000 rwxp 00000000 00:00 0 
33a0e00000-33a0e02000 r-xp 00000000 fd:00 41465998                       /lib64/libutil-2.12.so
33a0e02000-33a1001000 ---p 00002000 fd:00 41465998                       /lib64/libutil-2.12.so
33a1001000-33a1002000 r-xp 00001000 fd:00 41465998                       /lib64/libutil-2.12.so
33a1002000-33a1003000 rwxp 00002000 fd:00 41465998                       /lib64/libutil-2.12.so
33a1200000-33a1202000 r-xp 00000000 fd:00 72096251                       /usr/lib64/libXcomposite.so.1.0.0
33a1202000-33a1401000 ---p 00002000 fd:00 72096251                       /usr/lib64/libXcomposite.so.1.0.0
33a1401000-33a1402000 rwxp 00001000 fd:00 72096251                       /usr/lib64/libXcomposite.so.1.0.0
3bf8e00000-3bf8f49000 r-xp 00000000 fd:00 72100044                       /usr/lib64/libxml2.so.2.7.6
3bf8f49000-3bf9148000 ---p 00149000 fd:00 72100044                       /usr/lib64/libxml2.so.2.7.6
3bf9148000-3bf9151000 rwxp 00148000 fd:00 72100044                       /usr/lib64/libxml2.so.2.7.6
3bf9151000-3bf9153000 rwxp 00000000 00:00 0 
3bfb200000-3bfb23b000 r-xp 00000000 fd:00 72096292                       /usr/lib64/libgsf-1.so.114.0.15
3bfb23b000-3bfb43a000 ---p 0003b000 fd:00 72096292                       /usr/lib64/libgsf-1.so.114.0.15
3bfb43a000-3bfb43f000 rwxp 0003a000 fd:00 72096292                       /usr/lib64/libgsf-1.so.114.0.15
3bfb43f000-3bfb440000 rwxp 00000000 00:00 0 
3bfbe00000-3bfbe39000 r-xp 00000000 fd:00 72101990                       /usr/lib64/libcroco-0.6.so.3.0.1
3bfbe39000-3bfc039000 ---p 00039000 fd:00 72101990                       /usr/lib64/libcroco-0.6.so.3.0.1
3bfc039000-3bfc03d000 rwxp 00039000 fd:00 72101990                       /usr/lib64/libcroco-0.6.so.3.0.1
3bfc200000-3bfc237000 r-xp 00000000 fd:00 72101991                       /usr/lib64/librsvg-2.so.2.26.0
3bfc237000-3bfc437000 ---p 00037000 fd:00 72101991                       /usr/lib64/librsvg-2.so.2.26.0
3bfc437000-3bfc439000 rwxp 00037000 fd:00 72101991                       /usr/lib64/librsvg-2.so.2.26.0
7fe250000000-7fe25028f000 rwxp 00000000 00:00 0 
7fe25028f000-7fe254000000 ---p 00000000 00:00 0 
7fe254056000-7fe25405a000 r-xp 00000000 00:1a 101327568                  /remote/Xilinx/14.6/EDK/lib/lin64/libSdkJSwDb.so
7fe25405a000-7fe25425a000 ---p 00004000 00:1a 101327568                  /remote/Xilinx/14.6/EDK/lib/lin64/libSdkJSwDb.so
7fe25425a000-7fe25425b000 rwxp 00004000 00:1a 101327568                  /remote/Xilinx/14.6/EDK/lib/lin64/libSdkJSwDb.so
7fe25425b000-7fe2542bb000 r-xp 00000000 00:1a 23069462                   /remote/Xilinx/14.6/common/lib/lin64/libUtilC_MessageDispatcher.so
7fe2542bb000-7fe2544bb000 ---p 00060000 00:1a 23069462                   /remote/Xilinx/14.6/common/lib/lin64/libUtilC_MessageDispatcher.so
7fe2544bb000-7fe2544bf000 rwxp 00060000 00:1a 23069462                   /remote/Xilinx/14.6/common/lib/lin64/libUtilC_MessageDispatcher.so
7fe254581000-7fe254585000 r-xp 00000000 00:1a 101327541                  /remote/Xilinx/14.6/EDK/lib/lin64/libSdkJSwReposMan.so
7fe254585000-7fe254784000 ---p 00004000 00:1a 101327541                  /remote/Xilinx/14.6/EDK/lib/lin64/libSdkJSwReposMan.so
7fe254784000-7fe254785000 rwxp 00003000 00:1a 101327541                  /remote/Xilinx/14.6/EDK/lib/lin64/libSdkJSwReposMan.so
7fe254785000-7fe254795000 r-xp 00000000 00:1a 101327532                  /remote/Xilinx/14.6/EDK/lib/lin64/libSdkJSwPlatform.so
7fe254795000-7fe254994000 ---p 00010000 00:1a 101327532                  /remote/Xilinx/14.6/EDK/lib/lin64/libSdkJSwPlatform.so
7fe254994000-7fe254995000 rwxp 0000f000 00:1a 101327532                  /remote/Xilinx/14.6/EDK/lib/lin64/libSdkJSwPlatform.so
7fe254995000-7fe254998000 ---p 00000000 00:00 0 
7fe254998000-7fe254a96000 rwxp 00000000 00:00 0 
7fe254a96000-7fe254aac000 r-xp 00000000 00:1a 101327585                  /remote/Xilinx/14.6/EDK/lib/lin64/libboost_zlib-gcc41-mt-p-1_38.so.1.38.0
7fe254aac000-7fe254bab000 ---p 00016000 00:1a 101327585                  /remote/Xilinx/14.6/EDK/lib/lin64/libboost_zlib-gcc41-mt-p-1_38.so.1.38.0
7fe254bab000-7fe254bac000 rwxp 00015000 00:1a 101327585                  /remote/Xilinx/14.6/EDK/lib/lin64/libboost_zlib-gcc41-mt-p-1_38.so.1.38.0
7fe254bac000-7fe254bd0000 r-xp 00000000 00:1a 101327484                  /remote/Xilinx/14.6/EDK/lib/lin64/libMdtEdwardXMLDefs.so
7fe254bd0000-7fe254dd0000 ---p 00024000 00:1a 101327484                  /remote/Xilinx/14.6/EDK/lib/lin64/libMdtEdwardXMLDefs.so
7fe254dd0000-7fe254dd2000 rwxp 00024000 00:1a 101327484                  /remote/Xilinx/14.6/EDK/lib/lin64/libMdtEdwardXMLDefs.so
7fe254dd2000-7fe254de4000 r-xp 00000000 00:1a 101327584                  /remote/Xilinx/14.6/EDK/lib/lin64/libboost_date_time-gcc41-mt-p-1_38.so.1.38.0
7fe254de4000-7fe254ee3000 ---p 00012000 00:1a 101327584                  /remote/Xilinx/14.6/EDK/lib/lin64/libboost_date_time-gcc41-mt-p-1_38.so.1.38.0
7fe254ee3000-7fe254ee5000 rwxp 00011000 00:1a 101327584                  /remote/Xilinx/14.6/EDK/lib/lin64/libboost_date_time-gcc41-mt-p-1_38.so.1.38.0
7fe254ee5000-7fe254efa000 r-xp 00000000 00:1a 101327636                  /remote/Xilinx/14.6/EDK/lib/lin64/libboost_thread-gcc41-mt-p-1_38.so.1.38.0
7fe254efa000-7fe254ff9000 ---p 00015000 00:1a 101327636                  /remote/Xilinx/14.6/EDK/lib/lin64/libboost_thread-gcc41-mt-p-1_38.so.1.38.0
7fe254ff9000-7fe254ffb000 rwxp 00014000 00:1a 101327636                  /remote/Xilinx/14.6/EDK/lib/lin64/libboost_thread-gcc41-mt-p-1_38.so.1.38.0
7fe254ffb000-7fe25500a000 r-xp 00000000 00:1a 23069491                   /remote/Xilinx/14.6/common/lib/lin64/libboost_bzip2-gcc41-mt-p-1_38.so.1.38.0
7fe25500a000-7fe255109000 ---p 0000f000 00:1a 23069491                   /remote/Xilinx/14.6/common/lib/lin64/libboost_bzip2-gcc41-mt-p-1_38.so.1.38.0
7fe255109000-7fe25510b000 rwxp 0000e000 00:1a 23069491                   /remote/Xilinx/14.6/common/lib/lin64/libboost_bzip2-gcc41-mt-p-1_38.so.1.38.0
7fe25510b000-7fe255132000 r-xp 00000000 00:1a 101327613                  /remote/Xilinx/14.6/EDK/lib/lin64/libmXMLInterface.so
7fe255132000-7fe255331000 ---p 00027000 00:1a 101327613                  /remote/Xilinx/14.6/EDK/lib/lin64/libmXMLInterface.so
7fe255331000-7fe255333000 rwxp 00026000 00:1a 101327613                  /remote/Xilinx/14.6/EDK/lib/lin64/libmXMLInterface.so
7fe255333000-7fe255683000 r-xp 00000000 00:1a 23069479                   /remote/Xilinx/14.6/common/lib/lin64/libxercesc.so
7fe255683000-7fe255882000 ---p 00350000 00:1a 23069479                   /remote/Xilinx/14.6/common/lib/lin64/libxercesc.so
7fe255882000-7fe2558bf000 rwxp 0034f000 00:1a 23069479                   /remote/Xilinx/14.6/common/lib/lin64/libxercesc.so
7fe2558bf000-7fe2558c0000 rwxp 00000000 00:00 0 
7fe2558c0000-7fe255958000 r-xp 00000000 00:1a 101327658                  /remote/Xilinx/14.6/EDK/lib/lin64/libstlport.so.5.1
7fe255958000-7fe255a58000 ---p 00098000 00:1a 101327658                  /remote/Xilinx/14.6/EDK/lib/lin64/libstlport.so.5.1
7fe255a58000-7fe255a5f000 rwxp 00098000 00:1a 101327658                  /remote/Xilinx/14.6/EDK/lib/lin64/libstlport.so.5.1
7fe255a5f000-7fe255a6f000 rwxp 00000000 00:00 0 
7fe255a6f000-7fe255aa7000 r-xp 00000000 00:1a 101327542                  /remote/Xilinx/14.6/EDK/lib/lin64/libSdkTclHwDb.so
7fe255aa7000-7fe255ca7000 ---p 00038000 00:1a 101327542                  /remote/Xilinx/14.6/EDK/lib/lin64/libSdkTclHwDb.so
7fe255ca7000-7fe255ca9000 rwxp 00038000 00:1a 101327542                  /remote/Xilinx/14.6/EDK/lib/lin64/libSdkTclHwDb.so
7fe255ca9000-7fe255d63000 r-xp 00000000 00:1a 24257577                   /remote/Xilinx/14.6/ISE/lib/lin64/libtcl8.4.so
7fe255d63000-7fe255f63000 ---p 000ba000 00:1a 24257577                   /remote/Xilinx/14.6/ISE/lib/lin64/libtcl8.4.so
7fe255f63000-7fe255f6d000 rwxp 000ba000 00:1a 24257577                   /remote/Xilinx/14.6/ISE/lib/lin64/libtcl8.4.so
7fe255f6d000-7fe255f6e000 rwxp 00000000 00:00 0 
7fe255f6e000-7fe256170000 rwxp 00000000 00:1a 101327482                  /remote/Xilinx/14.6/EDK/lib/lin64/libisl_iostreams.so
7fe256170000-7fe256370000 ---p 00202000 00:1a 101327482                  /remote/Xilinx/14.6/EDK/lib/lin64/libisl_iostreams.so
7fe256370000-7fe256396000 rwxp 00202000 00:1a 101327482                  /remote/Xilinx/14.6/EDK/lib/lin64/libisl_iostreams.so
7fe256396000-7fe256399000 rwxp 00000000 00:00 0 
7fe256399000-7fe25646e000 ---p 0042b000 00:1a 101327482                  /remote/Xilinx/14.6/EDK/lib/lin64/libisl_iostreams.so
7fe25646e000-7fe256a59000 rwxp 00500000 00:1a 101327482                  /remote/Xilinx/14.6/EDK/lib/lin64/libisl_iostreams.so
7fe256a59000-7fe256a66000 r-xp 00000000 00:1a 101327592                  /remote/Xilinx/14.6/EDK/lib/lin64/libboost_iostreams-gcc41-mt-p-1_38.so.1.38.0
7fe256a66000-7fe256b65000 ---p 0000d000 00:1a 101327592                  /remote/Xilinx/14.6/EDK/lib/lin64/libboost_iostreams-gcc41-mt-p-1_38.so.1.38.0
7fe256b65000-7fe256b66000 rwxp 0000c000 00:1a 101327592                  /remote/Xilinx/14.6/EDK/lib/lin64/libboost_iostreams-gcc41-mt-p-1_38.so.1.38.0
7fe256b66000-7fe256b7f000 r-xp 00000000 00:1a 101327589                  /remote/Xilinx/14.6/EDK/lib/lin64/libboost_filesystem-gcc41-mt-p-1_38.so.1.38.0
7fe256b7f000-7fe256c7f000 ---p 00019000 00:1a 101327589                  /remote/Xilinx/14.6/EDK/lib/lin64/libboost_filesystem-gcc41-mt-p-1_38.so.1.38.0
7fe256c7f000-7fe256c80000 rwxp 00019000 00:1a 101327589                  /remote/Xilinx/14.6/EDK/lib/lin64/libboost_filesystem-gcc41-mt-p-1_38.so.1.38.0
7fe256c80000-7fe256d38000 r-xp 00000000 00:1a 101327641                  /remote/Xilinx/14.6/EDK/lib/lin64/libboost_regex-gcc41-mt-p-1_38.so.1.38.0
7fe256d38000-7fe256e37000 ---p 000b8000 00:1a 101327641                  /remote/Xilinx/14.6/EDK/lib/lin64/libboost_regex-gcc41-mt-p-1_38.so.1.38.0
7fe256e37000-7fe256e3c000 rwxp 000b7000 00:1a 101327641                  /remote/Xilinx/14.6/EDK/lib/lin64/libboost_regex-gcc41-mt-p-1_38.so.1.38.0
7fe256e3c000-7fe256e45000 r-xp 00000000 00:1a 101327638                  /remote/Xilinx/14.6/EDK/lib/lin64/libMiniZip.so
7fe256e45000-7fe257044000 ---p 00009000 00:1a 101327638                  /remote/Xilinx/14.6/EDK/lib/lin64/libMiniZip.so
7fe257044000-7fe257045000 rwxp 00008000 00:1a 101327638                  /remote/Xilinx/14.6/EDK/lib/lin64/libMiniZip.so
7fe257045000-7fe25705b000 r-xp 00000000 00:1a 101327607                  /remote/Xilinx/14.6/EDK/lib/lin64/libZlib.so
7fe25705b000-7fe25725a000 ---p 00016000 00:1a 101327607                  /remote/Xilinx/14.6/EDK/lib/lin64/libZlib.so
7fe25725a000-7fe25725b000 rwxp 00015000 00:1a 101327607                  /remote/Xilinx/14.6/EDK/lib/lin64/libZlib.so
7fe25725b000-7fe257265000 r-xp 00000000 00:1a 101327569                  /remote/Xilinx/14.6/EDK/lib/lin64/libThread.so
7fe257265000-7fe257464000 ---p 0000a000 00:1a 101327569                  /remote/Xilinx/14.6/EDK/lib/lin64/libThread.so
7fe257464000-7fe257465000 rwxp 00009000 00:1a 101327569                  /remote/Xilinx/14.6/EDK/lib/lin64/libThread.so
7fe257465000-7fe257468000 rwxp 00000000 00:00 0 
7fe257468000-7fe257470000 r-xp 00000000 00:1a 101327544                  /remote/Xilinx/14.6/EDK/lib/lin64/libPort_Std.so
7fe257470000-7fe25766f000 ---p 00008000 00:1a 101327544                  /remote/Xilinx/14.6/EDK/lib/lin64/libPort_Std.so
7fe25766f000-7fe257670000 rwxp 00007000 00:1a 101327544                  /remote/Xilinx/14.6/EDK/lib/lin64/libPort_Std.so
7fe257670000-7fe257686000 r-xp 00000000 00:1a 101327488                  /remote/Xilinx/14.6/EDK/lib/lin64/libSdkHwDb.so
7fe257686000-7fe257886000 ---p 00016000 00:1a 101327488                  /remote/Xilinx/14.6/EDK/lib/lin64/libSdkHwDb.so
7fe257886000-7fe257887000 rwxp 00016000 00:1a 101327488                  /remote/Xilinx/14.6/EDK/lib/lin64/libSdkHwDb.so
7fe257887000-7fe25792d000 r-xp 00000000 00:1a 101327637                  /remote/Xilinx/14.6/EDK/lib/lin64/libSdkSoftware.so
7fe25792d000-7fe257b2c000 ---p 000a6000 00:1a 101327637                  /remote/Xilinx/14.6/EDK/lib/lin64/libSdkSoftware.so
7fe257b2c000-7fe257b31000 rwxp 000a5000 00:1a 101327637                  /remote/Xilinx/14.6/EDK/lib/lin64/libSdkSoftware.so
7fe257b31000-7fe257bac000 r-xp 00000000 00:1a 101327601                  /remote/Xilinx/14.6/EDK/lib/lin64/libMdtBase.so
7fe257bac000-7fe257dac000 ---p 0007b000 00:1a 101327601                  /remote/Xilinx/14.6/EDK/lib/lin64/libMdtBase.so
7fe257dac000-7fe257db0000 rwxp 0007b000 00:1a 101327601                  /remote/Xilinx/14.6/EDK/lib/lin64/libMdtBase.so
7fe257db0000-7fe257dfe000 r-xp 00000000 00:1a 24257532                   /remote/Xilinx/14.6/ISE/lib/lin64/libUtilities.so
7fe257dfe000-7fe257ffd000 ---p 0004e000 00:1a 24257532                   /remote/Xilinx/14.6/ISE/lib/lin64/libUtilities.so
7fe257ffd000-7fe258000000 rwxp 0004d000 00:1a 24257532                   /remote/Xilinx/14.6/ISE/lib/lin64/libUtilities.so
7fe258000000-7fe258024000 rwxp 00000000 00:00 0 
7fe258024000-7fe25c000000 ---p 00000000 00:00 0 
7fe25c000000-7fe25c021000 rwxp 00000000 00:00 0 
7fe25c021000-7fe260000000 ---p 00000000 00:00 0 
7fe260000000-7fe263d29000 rwxp 00000000 00:00 0 
7fe263d29000-7fe264000000 ---p 00000000 00:00 0 
7fe264000000-7fe264021000 rwxp 00000000 00:00 0 
7fe264021000-7fe268000000 ---p 00000000 00:00 0 
7fe268000000-7fe268021000 rwxp 00000000 00:00 0 
7fe268021000-7fe26c000000 ---p 00000000 00:00 0 
7fe26c000000-7fe26d926000 rwxp 00000000 00:00 0 
7fe26d926000-7fe270000000 ---p 00000000 00:00 0 
7fe270000000-7fe270021000 rwxp 00000000 00:00 0 
7fe270021000-7fe274000000 ---p 00000000 00:00 0 
7fe274000000-7fe274035000 rwxp 00000000 00:00 0 
7fe274035000-7fe278000000 ---p 00000000 00:00 0 
7fe278000000-7fe27804b000 rwxp 00000000 00:00 0 
7fe27804b000-7fe27c000000 ---p 00000000 00:00 0 
7fe27c000000-7fe27c0e2000 rwxp 00000000 00:00 0 
7fe27c0e2000-7fe280000000 ---p 00000000 00:00 0 
7fe280000000-7fe2800d8000 rwxp 00000000 00:00 0 
7fe2800d8000-7fe284000000 ---p 00000000 00:00 0 
7fe284000000-7fe2845a9000 rwxp 00000000 00:00 0 
7fe2845a9000-7fe288000000 ---p 00000000 00:00 0 
7fe288000000-7fe288021000 rwxp 00000000 00:00 0 
7fe288021000-7fe28c000000 ---p 00000000 00:00 0 
7fe28c000000-7fe28c306000 rwxp 00000000 00:00 0 
7fe28c306000-7fe290000000 ---p 00000000 00:00 0 
7fe290000000-7fe29008d000 rwxp 00000000 00:00 0 
7fe29008d000-7fe294000000 ---p 00000000 00:00 0 
7fe294000000-7fe294021000 rwxp 00000000 00:00 0 
7fe294021000-7fe298000000 ---p 00000000 00:00 0 
7fe298000000-7fe298159000 rwxp 00000000 00:00 0 
7fe298159000-7fe29c000000 ---p 00000000 00:00 0 
7fe29c000000-7fe29c03f000 rwxp 00000000 00:00 0 
7fe29c03f000-7fe2a0000000 ---p 00000000 00:00 0 
7fe2a0000000-7fe2a0021000 rwxp 00000000 00:00 0 
7fe2a0021000-7fe2a4000000 ---p 00000000 00:00 0 
7fe2a4000000-7fe2a4021000 rwxp 00000000 00:00 0 
7fe2a4021000-7fe2a8000000 ---p 00000000 00:00 0 
7fe2a8000000-7fe2a8021000 rwxp 00000000 00:00 0 
7fe2a8021000-7fe2ac000000 ---p 00000000 00:00 0 
7fe2ac000000-7fe2ac021000 rwxp 00000000 00:00 0 
7fe2ac021000-7fe2b0000000 ---p 00000000 00:00 0 
7fe2b0000000-7fe2b3fff000 rwxp 00000000 00:00 0 
7fe2b3fff000-7fe2b4000000 ---p 00000000 00:00 0 
7fe2b4000000-7fe2b7fe4000 rwxp 00000000 00:00 0 
7fe2b7fe4000-7fe2b8000000 ---p 00000000 00:00 0 
7fe2b8000000-7fe2b8021000 rwxp 00000000 00:00 0 
7fe2b8021000-7fe2bc000000 ---p 00000000 00:00 0 
7fe2bc002000-7fe2bc006000 r-xp 00000000 00:1a 101327660                  /remote/Xilinx/14.6/EDK/lib/lin64/libboost_system-gcc41-mt-p-1_38.so.1.38.0
7fe2bc006000-7fe2bc105000 ---p 00004000 00:1a 101327660                  /remote/Xilinx/14.6/EDK/lib/lin64/libboost_system-gcc41-mt-p-1_38.so.1.38.0
7fe2bc105000-7fe2bc106000 rwxp 00003000 00:1a 101327660                  /remote/Xilinx/14.6/EDK/lib/lin64/libboost_system-gcc41-mt-p-1_38.so.1.38.0
7fe2bc106000-7fe2bc257000 r-xp 00000000 00:1a 101327501                  /remote/Xilinx/14.6/EDK/lib/lin64/libPortability.so
7fe2bc257000-7fe2bc457000 ---p 00151000 00:1a 101327501                  /remote/Xilinx/14.6/EDK/lib/lin64/libPortability.so
7fe2bc457000-7fe2bc462000 rwxp 00151000 00:1a 101327501                  /remote/Xilinx/14.6/EDK/lib/lin64/libPortability.so
7fe2bc462000-7fe2bc46a000 r-xp 00000000 00:1a 101327533                  /remote/Xilinx/14.6/EDK/lib/lin64/libSdkJHwPlatform.so
7fe2bc46a000-7fe2bc66a000 ---p 00008000 00:1a 101327533                  /remote/Xilinx/14.6/EDK/lib/lin64/libSdkJHwPlatform.so
7fe2bc66a000-7fe2bc66b000 rwxp 00008000 00:1a 101327533                  /remote/Xilinx/14.6/EDK/lib/lin64/libSdkJHwPlatform.so
7fe2bc66b000-7fe2bc66d000 r-xp 00000000 fd:00 72231124                   /usr/lib64/gdk-pixbuf-2.0/2.10.0/loaders/svg_loader.so
7fe2bc66d000-7fe2bc86c000 ---p 00002000 fd:00 72231124                   /usr/lib64/gdk-pixbuf-2.0/2.10.0/loaders/svg_loader.so
7fe2bc86c000-7fe2bc86d000 rwxp 00001000 fd:00 72231124                   /usr/lib64/gdk-pixbuf-2.0/2.10.0/loaders/svg_loader.so
7fe2bc86d000-7fe2bdae2000 r-xp 00000000 fd:00 72483555                   /usr/share/icons/hicolor/icon-theme.cache
7fe2bdae2000-7fe2be16f000 r-xp 00000000 fd:00 73670698                   /usr/share/icons/gnome/icon-theme.cache
7fe2be16f000-7fe2c4000000 r-xp 00000000 fd:00 72100126                   /usr/lib/locale/locale-archive
7fe2c4000000-7fe2c4021000 rwxp 00000000 00:00 0 
7fe2c4021000-7fe2c8000000 ---p 00000000 00:00 0 
7fe2c8000000-7fe2c8021000 rwxp 00000000 00:00 0 
7fe2c8021000-7fe2cc000000 ---p 00000000 00:00 0 
7fe2cc000000-7fe2cc1f7000 rwxp 00000000 00:00 0 
7fe2cc1f7000-7fe2d0000000 ---p 00000000 00:00 0 
7fe2d0000000-7fe2d0021000 rwxp 00000000 00:00 0 
7fe2d0021000-7fe2d4000000 ---p 00000000 00:00 0 
7fe2d40eb000-7fe2d457c000 r-xp 00000000 fd:00 73796973                   /usr/share/icons/Mist/icon-theme.cache
7fe2d457c000-7fe2d45d8000 r-xp 00000000 fd:00 73533635                   /usr/share/icons/System/icon-theme.cache
7fe2d45d8000-7fe2d45db000 ---p 00000000 00:00 0 
7fe2d45db000-7fe2d46d9000 rwxp 00000000 00:00 0 
7fe2d46d9000-7fe2d46dc000 ---p 00000000 00:00 0 
7fe2d46dc000-7fe2d47da000 rwxp 00000000 00:00 0 
7fe2d47da000-7fe2d47dd000 ---p 00000000 00:00 0 
7fe2d47dd000-7fe2d48db000 rwxp 00000000 00:00 0 
7fe2d48db000-7fe2d4912000 r-xp 00000000 fd:00 73401008                   /usr/share/fonts/dejavu/DejaVuSansMono-BoldOblique.ttf
7fe2d4912000-7fe2d494a000 r-xp 00000000 fd:00 73401009                   /usr/share/fonts/dejavu/DejaVuSansMono-Oblique.ttf
7fe2d494a000-7fe2d494c000 r-xs 00003000 00:1a 119281785                  /remote/Xilinx/14.6/EDK/eclipse/lin64/eclipse/plugins/org.eclipse.cdt.gdb_7.0.0.201302132326.jar
7fe2d494c000-7fe2d494e000 r-xs 0000d000 00:1a 119281748                  /remote/Xilinx/14.6/EDK/eclipse/lin64/eclipse/plugins/org.eclipse.rse.terminals.ui_1.2.0.201209191030.jar
7fe2d494e000-7fe2d4950000 r-xs 00011000 00:1a 119281729                  /remote/Xilinx/14.6/EDK/eclipse/lin64/eclipse/plugins/org.eclipse.linuxtools.gprof_4.0.0.201001111620.jar
7fe2d4950000-7fe2d4953000 ---p 00000000 00:00 0 
7fe2d4953000-7fe2d4a51000 rwxp 00000000 00:00 0 
7fe2d4a51000-7fe2d4a54000 ---p 00000000 00:00 0 
7fe2d4a54000-7fe2d4b52000 rwxp 00000000 00:00 0 
7fe2d4b61000-7fe2d4b68000 r-xs 00000000 fd:00 72358846                   /usr/lib64/gconv/gconv-modules.cache
7fe2d4b68000-7fe2d4b84000 r-xs 00131000 00:1a 119281823                  /remote/Xilinx/14.6/EDK/eclipse/lin64/eclipse/plugins/org.eclipse.cdt.dsf.gdb_4.1.1.201302132326.jar
7fe2d4b84000-7fe2d4bce000 r-xp 00000000 fd:00 73401007                   /usr/share/fonts/dejavu/DejaVuSansMono-Bold.ttf
7fe2d4bce000-7fe2d4c1d000 r-xp 00000000 fd:00 73401010                   /usr/share/fonts/dejavu/DejaVuSansMono.ttf
7fe2d4c1d000-7fe2d4c9d000 r-xp 00000000 fd:00 73401012                   /usr/share/fonts/dejavu/DejaVuSans-BoldOblique.ttf
7fe2d4c9d000-7fe2d4ca3000 r-xp 00000000 fd:00 72231023                   /usr/lib64/gdk-pixbuf-2.0/2.10.0/loaders/libpixbufloader-gif.so
7fe2d4ca3000-7fe2d4ea2000 ---p 00006000 fd:00 72231023                   /usr/lib64/gdk-pixbuf-2.0/2.10.0/loaders/libpixbufloader-gif.so
7fe2d4ea2000-7fe2d4ea3000 rwxp 00005000 fd:00 72231023                   /usr/lib64/gdk-pixbuf-2.0/2.10.0/loaders/libpixbufloader-gif.so
7fe2d4ea6000-7fe2d4eb9000 r-xs 000dc000 00:1a 119281913                  /remote/Xilinx/14.6/EDK/eclipse/lin64/eclipse/plugins/org.eclipse.tcf.debug.ui_1.1.0.201304181253.jar
7fe2d4eb9000-7fe2d4f39000 r-xp 00000000 fd:00 73401014                   /usr/share/fonts/dejavu/DejaVuSans-Oblique.ttf
7fe2d4f39000-7fe2d4f46000 r-xs 00078000 00:1a 119281832                  /remote/Xilinx/14.6/EDK/eclipse/lin64/eclipse/plugins/org.eclipse.cdt.debug.core_7.2.0.201302132326.jar
7fe2d4f46000-7fe2d4f52000 r-xs 0007e000 00:1a 119281730                  /remote/Xilinx/14.6/EDK/eclipse/lin64/eclipse/plugins/org.eclipse.cdt.debug.mi.core_7.2.0.201302132326.jar
7fe2d4f52000-7fe2d4f55000 r-xs 00013000 00:1a 23201189                   /remote/Xilinx/14.6/ISE/java6/lin64/jre/lib/jce.jar
7fe2d4f55000-7fe2d4f5d000 r-xs 0004d000 00:1a 119281661                  /remote/Xilinx/14.6/EDK/eclipse/lin64/eclipse/plugins/org.eclipse.debug.core_3.7.100.v20120521-2012.jar
7fe2d4f5d000-7fe2d4f67000 r-xs 00066000 00:1a 119281714                  /remote/Xilinx/14.6/EDK/eclipse/lin64/eclipse/plugins/org.eclipse.ltk.ui.refactoring_3.7.0.v20120523-1543.jar
7fe2d4f67000-7fe2d4f71000 r-xs 0005d000 00:1a 119281870                  /remote/Xilinx/14.6/EDK/eclipse/lin64/eclipse/plugins/org.slf4j.api.logback_1.5.8.jar
7fe2d4f71000-7fe2d4f73000 r-xs 00008000 00:1a 119281715                  /remote/Xilinx/14.6/EDK/eclipse/lin64/eclipse/plugins/com.xilinx.sdk.managedbuilder_1.0.0.jar
7fe2d4f73000-7fe2d4f77000 r-xs 0001e000 00:1a 119281883                  /remote/Xilinx/14.6/EDK/eclipse/lin64/eclipse/plugins/org.eclipse.ui.externaltools_3.2.100.v20120530-1753.jar
7fe2d4f77000-7fe2d4f7f000 r-xs 00070000 00:1a 119281770                  /remote/Xilinx/14.6/EDK/eclipse/lin64/eclipse/plugins/org.eclipse.rse.files.ui_3.2.101.201209191030.jar
7fe2d4f7f000-7fe2d4f81000 r-xs 00003000 00:1a 119281797                  /remote/Xilinx/14.6/EDK/eclipse/lin64/eclipse/plugins/com.xilinx.sdk.ui_1.0.0.jar
7fe2d4f81000-7fe2d4f83000 r-xs 00008000 00:1a 119281848                  /remote/Xilinx/14.6/EDK/eclipse/lin64/eclipse/plugins/com.xilinx.sdk.hw_1.0.0.jar
7fe2d4f83000-7fe2d4f8b000 r-xs 00115000 00:1a 23201242                   /remote/Xilinx/14.6/ISE/java6/lin64/jre/lib/resources.jar
7fe2d4f8b000-7fe2d4f95000 r-xs 0005a000 00:1a 119281700                  /remote/Xilinx/14.6/EDK/eclipse/lin64/eclipse/plugins/org.eclipse.ui.navigator_3.5.200.v20120523-1956.jar
7fe2d4f95000-7fe2d4f9f000 r-xs 0006a000 00:1a 119281881                  /remote/Xilinx/14.6/EDK/eclipse/lin64/eclipse/plugins/org.eclipse.cdt.make.ui_7.2.0.201302132326.jar
7fe2d4f9f000-7fe2d4fa3000 r-xs 0001a000 00:1a 119281642                  /remote/Xilinx/14.6/EDK/eclipse/lin64/eclipse/plugins/org.eclipse.ui.navigator.resources_3.4.400.v20120523-1956.jar
7fe2d4fa3000-7fe2d4fa6000 r-xs 00016000 00:1a 119281898                  /remote/Xilinx/14.6/EDK/eclipse/lin64/eclipse/plugins/com.xilinx.sdk.tools_1.0.0.jar
7fe2d4fa6000-7fe2d4fa8000 r-xs 0000f000 00:1a 119281705                  /remote/Xilinx/14.6/EDK/eclipse/lin64/eclipse/plugins/com.xilinx.sdk.targetmanager.ui_1.0.0.jar
7fe2d4fa8000-7fe2d4fab000 r-xs 00018000 00:1a 119281668                  /remote/Xilinx/14.6/EDK/eclipse/lin64/eclipse/plugins/com.xilinx.sdk.sw.ui_1.0.1.jar
7fe2d4fab000-7fe2d4fae000 r-xs 00011000 00:1a 119281836                  /remote/Xilinx/14.6/EDK/eclipse/lin64/eclipse/plugins/com.xilinx.sdk.sw_1.0.0.jar
7fe2d4fae000-7fe2d4fb0000 r-xs 00008000 00:1a 119281873                  /remote/Xilinx/14.6/EDK/eclipse/lin64/eclipse/plugins/com.xilinx.sdk.debug.sysgen_1.0.0.jar
7fe2d4fb0000-7fe2d4fb1000 r-xs 00009000 00:1a 119281735                  /remote/Xilinx/14.6/EDK/eclipse/lin64/eclipse/plugins/com.xilinx.sdk.bootimage_1.0.0.jar
7fe2d4fb1000-7fe2d4fb3000 r-xs 00000000 00:1a 119281693                  /remote/Xilinx/14.6/EDK/eclipse/lin64/eclipse/plugins/com.xilinx.sdk.xbash_1.0.0.jar
7fe2d4fb3000-7fe2d4fba000 r-xs 00049000 00:1a 119281701                  /remote/Xilinx/14.6/EDK/eclipse/lin64/eclipse/plugins/org.eclipse.ltk.core.refactoring_3.6.0.v20120523-1543.jar
7fe2d4fbb000-7fe2d4fbe000 r-xs 00013000 00:1a 119281855                  /remote/Xilinx/14.6/EDK/eclipse/lin64/eclipse/plugins/org.eclipse.cdt.launch.remote_2.4.0.201302132326.jar
7fe2d4fbe000-7fe2d4fbf000 r-xs 00002000 00:1a 119281796                  /remote/Xilinx/14.6/EDK/eclipse/lin64/eclipse/plugins/org.eclipse.rse_3.4.0.201209191030.jar
7fe2d4fbf000-7fe2d4fc0000 r-xs 00003000 00:1a 119281814                  /remote/Xilinx/14.6/EDK/eclipse/lin64/eclipse/plugins/org.eclipse.rcp_3.8.1.v201301310800.jar
7fe2d4fc0000-7fe2d4fc2000 r-xs 00009000 00:1a 119281704                  /remote/Xilinx/14.6/EDK/eclipse/lin64/eclipse/plugins/org.eclipse.rse.services.files.ftp_3.0.400.201209191030.jar
7fe2d4fc2000-7fe2d4fc3000 r-xs 00008000 00:1a 119281800                  /remote/Xilinx/14.6/EDK/eclipse/lin64/eclipse/plugins/org.eclipse.tm.terminal.serial_2.1.100.201209191030.jar
7fe2d4fcc000-7fe2d4fcf000 r-xs 00014000 00:1a 119281718                  /remote/Xilinx/14.6/EDK/eclipse/lin64/eclipse/plugins/org.eclipse.tm.terminal.view_2.3.0.201209191030.jar
7fe2d4fd2000-7fe2d4fd4000 r-xs 00009000 00:1a 119281691                  /remote/Xilinx/14.6/EDK/eclipse/lin64/eclipse/plugins/com.xilinx.sdk.debug.core_1.0.0.jar
7fe2d4fd4000-7fe2d4fd6000 r-xs 0000b000 00:1a 119281877                  /remote/Xilinx/14.6/EDK/eclipse/lin64/eclipse/plugins/org.eclipse.cdt.managedbuilder.gnu.ui_8.1.0.201302132326.jar
7fe2d4fd6000-7fe2d4fdf000 r-xs 00059000 00:1a 119281918                  /remote/Xilinx/14.6/EDK/eclipse/lin64/eclipse/plugins/org.eclipse.team.core_3.6.100.v20120524-0627.jar
7fe2d4fdf000-7fe2d4fe7000 r-xs 00044000 00:1a 119281736                  /remote/Xilinx/14.6/EDK/eclipse/lin64/eclipse/plugins/org.eclipse.tcf.cdt.ui_1.1.0.201304181253.jar
7fe2d4fe7000-7fe2d4fea000 ---p 00000000 00:00 0 
7fe2d4fea000-7fe2d50e8000 rwxp 00000000 00:00 0 
7fe2d50e8000-7fe2d50ec000 r-xp 00000000 00:1a 11144901                   /remote/Xilinx/14.6/EDK/eclipse/lin64/eclipse/configuration/org.eclipse.osgi/bundles/68/1/.cp/os/linux/x86_64/libspawner.so
7fe2d50ec000-7fe2d52eb000 ---p 00004000 00:1a 11144901                   /remote/Xilinx/14.6/EDK/eclipse/lin64/eclipse/configuration/org.eclipse.osgi/bundles/68/1/.cp/os/linux/x86_64/libspawner.so
7fe2d52eb000-7fe2d52ec000 rwxp 00003000 00:1a 11144901                   /remote/Xilinx/14.6/EDK/eclipse/lin64/eclipse/configuration/org.eclipse.osgi/bundles/68/1/.cp/os/linux/x86_64/libspawner.so
7fe2d52ec000-7fe2d52ee000 r-xs 00007000 00:1a 119281837                  /remote/Xilinx/14.6/EDK/eclipse/lin64/eclipse/plugins/org.eclipse.core.variables_3.2.600.v20120521-2012.jar
7fe2d52ee000-7fe2d52f2000 r-xs 00024000 00:1a 119281762                  /remote/Xilinx/14.6/EDK/eclipse/lin64/eclipse/plugins/org.eclipse.ui.console_3.5.100.v20120521-2012.jar
7fe2d52f2000-7fe2d52fb000 r-xs 0006a000 00:1a 119281682                  /remote/Xilinx/14.6/EDK/eclipse/lin64/eclipse/plugins/org.eclipse.search_3.8.0.v20120523-1540.jar
7fe2d52fb000-7fe2d5315000 r-xs 00101000 00:1a 119281792                  /remote/Xilinx/14.6/EDK/eclipse/lin64/eclipse/plugins/org.eclipse.cdt.debug.ui_7.2.0.201302132326.jar
7fe2d5315000-7fe2d5316000 rwxp 00000000 00:00 0 
7fe2d5316000-7fe2d5317000 r-xs 00001000 00:1a 119281861                  /remote/Xilinx/14.6/EDK/eclipse/lin64/eclipse/plugins/com.xilinx.sdk.monitors_1.0.0.jar
7fe2d5317000-7fe2d5318000 r-xs 00002000 00:1a 119281699                  /remote/Xilinx/14.6/EDK/eclipse/lin64/eclipse/plugins/org.eclipse.core.filesystem.linux.x86_64_1.2.0.v20120522-1137.jar
7fe2d5318000-7fe2d531b000 ---p 00000000 00:00 0 
7fe2d531b000-7fe2d5419000 rwxp 00000000 00:00 0 
7fe2d5419000-7fe2d541c000 ---p 00000000 00:00 0 
7fe2d541c000-7fe2d551a000 rwxp 00000000 00:00 0 
7fe2d551a000-7fe2d5523000 r-xs 00045000 00:1a 119281672                  /remote/Xilinx/14.6/EDK/eclipse/lin64/eclipse/plugins/org.eclipse.cdt.dsf_2.3.0.201302132326.jar
7fe2d5523000-7fe2d5530000 r-xs 0007d000 00:1a 119281862                  /remote/Xilinx/14.6/EDK/eclipse/lin64/eclipse/plugins/org.eclipse.cdt.dsf.gdb.ui_2.3.1.201302132326.jar
7fe2d5530000-7fe2d5563000 r-xs 0024c000 00:1a 119281772                  /remote/Xilinx/14.6/EDK/eclipse/lin64/eclipse/plugins/org.eclipse.debug.ui_3.8.2.v20130130-171415.jar
7fe2d5563000-7fe2d5566000 r-xs 00014000 00:1a 119281863                  /remote/Xilinx/14.6/EDK/eclipse/lin64/eclipse/plugins/org.eclipse.ui.views_3.6.100.v20120521-2332.jar
7fe2d5566000-7fe2d5572000 r-xs 00081000 00:1a 119281841                  /remote/Xilinx/14.6/EDK/eclipse/lin64/eclipse/plugins/org.eclipse.ui.editors_3.8.0.v20120523-1540.jar
7fe2d5572000-7fe2d5585000 r-xs 000e0000 00:1a 119281720                  /remote/Xilinx/14.6/EDK/eclipse/lin64/eclipse/plugins/org.eclipse.jface.text_3.8.2.v20121126-164145.jar
7fe2d5585000-7fe2d5590000 r-xs 00084000 00:1a 119281666                  /remote/Xilinx/14.6/EDK/eclipse/lin64/eclipse/plugins/org.eclipse.ui.workbench.texteditor_3.8.0.v20120523-1310.jar
7fe2d5590000-7fe2d55eb000 r-xs 00515000 00:1a 119281732                  /remote/Xilinx/14.6/EDK/eclipse/lin64/eclipse/plugins/org.eclipse.cdt.ui_5.5.0.201302132326.jar
7fe2d55eb000-7fe2d55ee000 ---p 00000000 00:00 0 
7fe2d55ee000-7fe2d56ec000 rwxp 00000000 00:00 0 
7fe2d56ec000-7fe2d56fd000 r-xs 0012e000 00:1a 119281793                  /remote/Xilinx/14.6/EDK/eclipse/lin64/eclipse/plugins/org.eclipse.cdt.managedbuilder.core_8.1.0.201302132326.jar
7fe2d56fd000-7fe2d5702000 r-xs 00038000 00:1a 119281906                  /remote/Xilinx/14.6/EDK/eclipse/lin64/eclipse/plugins/org.eclipse.text_3.5.200.v20120523-1310.jar
7fe2d5702000-7fe2d5705000 r-xs 00019000 00:1a 119281851                  /remote/Xilinx/14.6/EDK/eclipse/lin64/eclipse/plugins/org.eclipse.core.filebuffers_3.5.200.v20120523-1310.jar
7fe2d5705000-7fe2d5752000 r-xs 00484000 00:1a 119281640                  /remote/Xilinx/14.6/EDK/eclipse/lin64/eclipse/plugins/org.eclipse.cdt.core_5.4.1.201302132326.jar
7fe2d5752000-7fe2d575a000 r-xs 00062000 00:1a 119281820                  /remote/Xilinx/14.6/EDK/eclipse/lin64/eclipse/plugins/org.eclipse.cdt.make.core_7.2.0.201302132326.jar
7fe2d575a000-7fe2d575f000 r-xs 00035000 00:1a 119281897                  /remote/Xilinx/14.6/EDK/eclipse/lin64/eclipse/plugins/org.eclipse.cdt.launch_7.1.0.201302132326.jar
7fe2d575f000-7fe2d5768000 r-xs 00089000 00:1a 119281885                  /remote/Xilinx/14.6/EDK/eclipse/lin64/eclipse/plugins/org.eclipse.update.core_3.2.600.v20130104-035835.jar
7fe2d5768000-7fe2d576b000 ---p 00000000 00:00 0 
7fe2d576b000-7fe2d5869000 rwxp 00000000 00:00 0 
7fe2d5869000-7fe2d586b000 r-xp 00000000 00:1a 11145085                   /remote/Xilinx/14.6/EDK/eclipse/lin64/eclipse/configuration/org.eclipse.osgi/bundles/101/1/.cp/os/linux/x86_64/libunixfile_1_0_0.so
7fe2d586b000-7fe2d596a000 ---p 00002000 00:1a 11145085                   /remote/Xilinx/14.6/EDK/eclipse/lin64/eclipse/configuration/org.eclipse.osgi/bundles/101/1/.cp/os/linux/x86_64/libunixfile_1_0_0.so
7fe2d596a000-7fe2d596b000 rwxp 00001000 00:1a 11145085                   /remote/Xilinx/14.6/EDK/eclipse/lin64/eclipse/configuration/org.eclipse.osgi/bundles/101/1/.cp/os/linux/x86_64/libunixfile_1_0_0.so
7fe2d596b000-7fe2d59f7000 r-xp 00000000 fd:00 73401011                   /usr/share/fonts/dejavu/DejaVuSans-Bold.ttf
7fe2d59f7000-7fe2d5a02000 r-xp 00000000 00:1a 11145074                   /remote/Xilinx/14.6/EDK/eclipse/lin64/eclipse/configuration/org.eclipse.osgi/bundles/242/1/.cp/libswt-atk-gtk-3836.so
7fe2d5a02000-7fe2d5b02000 ---p 0000b000 00:1a 11145074                   /remote/Xilinx/14.6/EDK/eclipse/lin64/eclipse/configuration/org.eclipse.osgi/bundles/242/1/.cp/libswt-atk-gtk-3836.so
7fe2d5b02000-7fe2d5b03000 rwxp 0000b000 00:1a 11145074                   /remote/Xilinx/14.6/EDK/eclipse/lin64/eclipse/configuration/org.eclipse.osgi/bundles/242/1/.cp/libswt-atk-gtk-3836.so
7fe2d5b03000-7fe2d5b1a000 r-xp 00000000 fd:00 72099417                   /usr/lib64/libgvfscommon.so.0.0.0
7fe2d5b1a000-7fe2d5d1a000 ---p 00017000 fd:00 72099417                   /usr/lib64/libgvfscommon.so.0.0.0
7fe2d5d1a000-7fe2d5d1b000 rwxp 00017000 fd:00 72099417                   /usr/lib64/libgvfscommon.so.0.0.0
7fe2d5d1b000-7fe2d5d1c000 r-xs 00004000 00:1a 119281902                  /remote/Xilinx/14.6/EDK/eclipse/lin64/eclipse/plugins/org.eclipse.cdt.core.linux.x86_64_5.2.0.201302132326.jar
7fe2d5d1c000-7fe2d5d1e000 r-xs 00002000 00:1a 119281664                  /remote/Xilinx/14.6/EDK/eclipse/lin64/eclipse/plugins/org.eclipse.cdt.core.linux_5.2.0.201302132326.jar
7fe2d5d1e000-7fe2d5d20000 r-xs 00007000 00:1a 119281804                  /remote/Xilinx/14.6/EDK/eclipse/lin64/eclipse/plugins/org.eclipse.update.scheduler_3.2.400.v20120912-142556.jar
7fe2d5d20000-7fe2d5d22000 r-xs 00003000 00:1a 119281801                  /remote/Xilinx/14.6/EDK/eclipse/lin64/eclipse/plugins/org.eclipse.equinox.p2.updatechecker_1.1.200.v20110808-1657.jar
7fe2d5d22000-7fe2d5d26000 r-xs 0001d000 00:1a 119281786                  /remote/Xilinx/14.6/EDK/eclipse/lin64/eclipse/plugins/org.eclipse.equinox.p2.repository_2.2.0.v20120524-1945.jar
7fe2d5d26000-7fe2d5d2e000 r-xs 0004c000 00:1a 119281747                  /remote/Xilinx/14.6/EDK/eclipse/lin64/eclipse/plugins/org.eclipse.equinox.p2.metadata_2.1.0.v20120430-2001.jar
7fe2d5d2e000-7fe2d5d39000 r-xs 000bb000 00:1a 119281740                  /remote/Xilinx/14.6/EDK/eclipse/lin64/eclipse/plugins/org.eclipse.core.resources_3.8.1.v20121114-124432.jar
7fe2d5d39000-7fe2d5d4d000 r-xp 00000000 fd:00 72494441                   /usr/lib64/gio/modules/libgioremote-volume-monitor.so
7fe2d5d4d000-7fe2d5f4c000 ---p 00014000 fd:00 72494441                   /usr/lib64/gio/modules/libgioremote-volume-monitor.so
7fe2d5f4c000-7fe2d5f4d000 rwxp 00013000 fd:00 72494441                   /usr/lib64/gio/modules/libgioremote-volume-monitor.so
7fe2d5f4d000-7fe2d5f53000 r-xp 00000000 fd:00 73670719                   /usr/lib64/gtk-2.0/2.10.0/immodules/im-ibus.so
7fe2d5f53000-7fe2d6152000 ---p 00006000 fd:00 73670719                   /usr/lib64/gtk-2.0/2.10.0/immodules/im-ibus.so
7fe2d6152000-7fe2d6153000 rwxp 00005000 fd:00 73670719                   /usr/lib64/gtk-2.0/2.10.0/immodules/im-ibus.so
7fe2d6153000-7fe2d617b000 r-xs 00219000 00:1a 119281753                  /remote/Xilinx/14.6/EDK/eclipse/lin64/eclipse/plugins/org.eclipse.ui.ide_3.8.2.v20121106-170106.jar
7fe2d617b000-7fe2d6188000 r-xp 00000000 00:1a 11145078                   /remote/Xilinx/14.6/EDK/eclipse/lin64/eclipse/configuration/org.eclipse.osgi/bundles/242/1/.cp/libswt-cairo-gtk-3836.so
7fe2d6188000-7fe2d6288000 ---p 0000d000 00:1a 11145078                   /remote/Xilinx/14.6/EDK/eclipse/lin64/eclipse/configuration/org.eclipse.osgi/bundles/242/1/.cp/libswt-cairo-gtk-3836.so
7fe2d6288000-7fe2d6289000 rwxp 0000d000 00:1a 11145078                   /remote/Xilinx/14.6/EDK/eclipse/lin64/eclipse/configuration/org.eclipse.osgi/bundles/242/1/.cp/libswt-cairo-gtk-3836.so
7fe2d6289000-7fe2d62fd000 r-xp 00000000 00:1a 11145076                   /remote/Xilinx/14.6/EDK/eclipse/lin64/eclipse/configuration/org.eclipse.osgi/bundles/242/1/.cp/libswt-pi-gtk-3836.so
7fe2d62fd000-7fe2d63fd000 ---p 00074000 00:1a 11145076                   /remote/Xilinx/14.6/EDK/eclipse/lin64/eclipse/configuration/org.eclipse.osgi/bundles/242/1/.cp/libswt-pi-gtk-3836.so
7fe2d63fd000-7fe2d6400000 rwxp 00074000 00:1a 11145076                   /remote/Xilinx/14.6/EDK/eclipse/lin64/eclipse/configuration/org.eclipse.osgi/bundles/242/1/.cp/libswt-pi-gtk-3836.so
7fe2d6400000-7fe2d6402000 rwxp 00000000 00:00 0 
7fe2d6402000-7fe2d6480000 r-xp 00000000 00:1a 11145073                   /remote/Xilinx/14.6/EDK/eclipse/lin64/eclipse/configuration/org.eclipse.osgi/bundles/242/1/.cp/libswt-gtk-3836.so
7fe2d6480000-7fe2d657f000 ---p 0007e000 00:1a 11145073                   /remote/Xilinx/14.6/EDK/eclipse/lin64/eclipse/configuration/org.eclipse.osgi/bundles/242/1/.cp/libswt-gtk-3836.so
7fe2d657f000-7fe2d6586000 rwxp 0007d000 00:1a 11145073                   /remote/Xilinx/14.6/EDK/eclipse/lin64/eclipse/configuration/org.eclipse.osgi/bundles/242/1/.cp/libswt-gtk-3836.so
7fe2d6586000-7fe2d6589000 rwxp 00000000 00:00 0 
7fe2d6589000-7fe2d658c000 ---p 00000000 00:00 0 
7fe2d658c000-7fe2d668a000 rwxp 00000000 00:00 0 
7fe2d668a000-7fe2d668d000 ---p 00000000 00:00 0 
7fe2d668d000-7fe2d678b000 rwxp 00000000 00:00 0 
7fe2d678b000-7fe2d678e000 ---p 00000000 00:00 0 
7fe2d678e000-7fe2d688c000 rwxp 00000000 00:00 0 
7fe2d688c000-7fe2d688f000 ---p 00000000 00:00 0 
7fe2d688f000-7fe2d698d000 rwxp 00000000 00:00 0 
7fe2d698d000-7fe2d6990000 ---p 00000000 00:00 0 
7fe2d6990000-7fe2d6a8e000 rwxp 00000000 00:00 0 
7fe2d6a8e000-7fe2d6a91000 ---p 00000000 00:00 0 
7fe2d6a91000-7fe2d6b8f000 rwxp 00000000 00:00 0 
7fe2d6b8f000-7fe2d6b92000 ---p 00000000 00:00 0 
7fe2d6b92000-7fe2d6c90000 rwxp 00000000 00:00 0 
7fe2d6c90000-7fe2d6c93000 ---p 00000000 00:00 0 
7fe2d6c93000-7fe2d6d91000 rwxp 00000000 00:00 0 
7fe2d6d91000-7fe2d6d96000 r-xp 00000000 fd:00 41418777                   /lib64/libnss_dns-2.12.so
7fe2d6d96000-7fe2d6f95000 ---p 00005000 fd:00 41418777                   /lib64/libnss_dns-2.12.so
7fe2d6f95000-7fe2d6f96000 r-xp 00004000 fd:00 41418777                   /lib64/libnss_dns-2.12.so
7fe2d6f96000-7fe2d6f97000 rwxp 00005000 fd:00 41418777                   /lib64/libnss_dns-2.12.so
7fe2d6f97000-7fe2d6f9e000 r-xp 00000000 00:1a 23201307                   /remote/Xilinx/14.6/ISE/java6/lin64/jre/lib/amd64/libnio.so
7fe2d6f9e000-7fe2d709d000 ---p 00007000 00:1a 23201307                   /remote/Xilinx/14.6/ISE/java6/lin64/jre/lib/amd64/libnio.so
7fe2d709d000-7fe2d709f000 rwxp 00006000 00:1a 23201307                   /remote/Xilinx/14.6/ISE/java6/lin64/jre/lib/amd64/libnio.so
7fe2d709f000-7fe2d70b2000 r-xp 00000000 00:1a 23201326                   /remote/Xilinx/14.6/ISE/java6/lin64/jre/lib/amd64/libnet.so
7fe2d70b2000-7fe2d71b3000 ---p 00013000 00:1a 23201326                   /remote/Xilinx/14.6/ISE/java6/lin64/jre/lib/amd64/libnet.so
7fe2d71b3000-7fe2d71b6000 rwxp 00014000 00:1a 23201326                   /remote/Xilinx/14.6/ISE/java6/lin64/jre/lib/amd64/libnet.so
7fe2d71b6000-7fe2d71b9000 r-xp 00000000 fd:00 72231022                   /usr/lib64/gdk-pixbuf-2.0/2.10.0/loaders/libpixbufloader-bmp.so
7fe2d71b9000-7fe2d73b9000 ---p 00003000 fd:00 72231022                   /usr/lib64/gdk-pixbuf-2.0/2.10.0/loaders/libpixbufloader-bmp.so
7fe2d73b9000-7fe2d73ba000 rwxp 00003000 fd:00 72231022                   /usr/lib64/gdk-pixbuf-2.0/2.10.0/loaders/libpixbufloader-bmp.so
7fe2d73ba000-7fe2d73bb000 r-xs 00003000 00:1a 119281811                  /remote/Xilinx/14.6/EDK/eclipse/lin64/eclipse/plugins/com.xilinx.sdk.utils_1.0.0.jar
7fe2d73bb000-7fe2d73be000 r-xs 00013000 00:1a 119281880                  /remote/Xilinx/14.6/EDK/eclipse/lin64/eclipse/plugins/org.eclipse.core.expressions_3.4.400.v20120523-2004.jar
7fe2d73be000-7fe2d73c1000 r-xs 0001a000 00:1a 119281726                  /remote/Xilinx/14.6/EDK/eclipse/lin64/eclipse/plugins/org.eclipse.equinox.p2.metadata.repository_1.2.100.v20120524-1717.jar
7fe2d73c1000-7fe2d7459000 r-xp 00000000 fd:00 73401015                   /usr/share/fonts/dejavu/DejaVuSans.ttf
7fe2d7459000-7fe2d745c000 r-xs 00000000 00:23 6172928                    /home/vens/.fontconfig/87f5e051180a7a75f16eb6fe7dbd3749-le64.cache-3
7fe2d745c000-7fe2d7465000 r-xs 00000000 fd:00 16255015                   /var/cache/fontconfig/b79f3aaa7d385a141ab53ec885cc22a8-le64.cache-3
7fe2d7465000-7fe2d7468000 r-xs 00000000 fd:00 16255048                   /var/cache/fontconfig/0b1bcc92b4d25cc154d77dafe3bceaa0-le64.cache-3
7fe2d7468000-7fe2d746a000 r-xs 00000000 fd:00 16255047                   /var/cache/fontconfig/2e1514a9fdd499050989183bb65136db-le64.cache-3
7fe2d746a000-7fe2d746d000 r-xs 00000000 fd:00 16255046                   /var/cache/fontconfig/5c755b2f27115486aa6359c84dd3cbda-le64.cache-3
7fe2d746d000-7fe2d746e000 r-xs 00000000 fd:00 16255045                   /var/cache/fontconfig/b966c23d19cce9e9a98d55765cf2a0c7-le64.cache-3
7fe2d746e000-7fe2d7470000 r-xs 00000000 fd:00 16255044                   /var/cache/fontconfig/3f821257dd33660ba7bbb45c32deb84c-le64.cache-3
7fe2d7470000-7fe2d7472000 r-xs 00000000 fd:00 16255043                   /var/cache/fontconfig/830f035fa84a65ce80e050178dbb630d-le64.cache-3
7fe2d7472000-7fe2d7473000 r-xs 00000000 fd:00 16255042                   /var/cache/fontconfig/81a173283b451552b599cfaafd6236bd-le64.cache-3
7fe2d7473000-7fe2d7474000 r-xs 00000000 fd:00 16255041                   /var/cache/fontconfig/ac68f755438cc3dc5a526084839fc7ca-le64.cache-3
7fe2d7474000-7fe2d7475000 r-xs 00000000 fd:00 16255040                   /var/cache/fontconfig/6cfc7d49b27ba7d3eb71ab86e04def2c-le64.cache-3
7fe2d7475000-7fe2d7476000 r-xs 00000000 fd:00 16255039                   /var/cache/fontconfig/6fcb01a03a016cc71057b587cdea6709-le64.cache-3
7fe2d7476000-7fe2d7477000 r-xs 00000000 fd:00 16255038                   /var/cache/fontconfig/46d51d90fe9d963f6f4186edb936a931-le64.cache-3
7fe2d7477000-7fe2d747a000 r-xs 00000000 fd:00 16255037                   /var/cache/fontconfig/cfde08ab28ad1d91784abb10973575e3-le64.cache-3
7fe2d747a000-7fe2d747b000 r-xs 00000000 fd:00 16255036                   /var/cache/fontconfig/b887eea8f1b96e1d899b44ed6681fc27-le64.cache-3
7fe2d747b000-7fe2d747c000 r-xs 00000000 fd:00 16255035                   /var/cache/fontconfig/860639f272b8b4b3094f9e399e41bccd-le64.cache-3
7fe2d747c000-7fe2d747d000 r-xs 00000000 fd:00 16255034                   /var/cache/fontconfig/211368abcb0ff835c229ff05c9ec01dc-le64.cache-3
7fe2d747d000-7fe2d747e000 r-xs 00000000 fd:00 16255033                   /var/cache/fontconfig/c46020d7221988a13df853d2b46304fc-le64.cache-3
7fe2d747e000-7fe2d74ba000 r-xs 00629000 00:1a 119281875                  /remote/Xilinx/14.6/EDK/eclipse/lin64/eclipse/plugins/com.ibm.icu_4.4.2.v20110823.jar
7fe2d74ba000-7fe2d74e4000 r-xp 00000000 fd:00 73670705                   /usr/lib64/gtk-2.0/2.10.0/engines/libclearlooks.so
7fe2d74e4000-7fe2d76e4000 ---p 0002a000 fd:00 73670705                   /usr/lib64/gtk-2.0/2.10.0/engines/libclearlooks.so
7fe2d76e4000-7fe2d76e5000 rwxp 0002a000 fd:00 73670705                   /usr/lib64/gtk-2.0/2.10.0/engines/libclearlooks.so
7fe2d76e5000-7fe2d76f4000 r-xp 00000000 00:1a 119412235                  /remote/Xilinx/14.6/EDK/eclipse/lin64/eclipse/plugins/org.eclipse.equinox.launcher.gtk.linux.x86_64_1.1.200.v20120913-144807/eclipse_1502.so
7fe2d76f4000-7fe2d77f4000 ---p 0000f000 00:1a 119412235                  /remote/Xilinx/14.6/EDK/eclipse/lin64/eclipse/plugins/org.eclipse.equinox.launcher.gtk.linux.x86_64_1.1.200.v20120913-144807/eclipse_1502.so
7fe2d77f4000-7fe2d77f5000 rwxp 0000f000 00:1a 119412235                  /remote/Xilinx/14.6/EDK/eclipse/lin64/eclipse/plugins/org.eclipse.equinox.launcher.gtk.linux.x86_64_1.1.200.v20120913-144807/eclipse_1502.so
7fe2d77f5000-7fe2d77f6000 rwxp 00000000 00:00 0 
7fe2d77f6000-7fe2d77f8000 r-xs 0000b000 00:1a 119281812                  /remote/Xilinx/14.6/EDK/eclipse/lin64/eclipse/plugins/org.eclipse.equinox.launcher_1.3.0.v20120522-1813.jar
7fe2d77f8000-7fe2d77f9000 ---p 00000000 00:00 0 
7fe2d77f9000-7fe2d78f9000 rwxp 00000000 00:00 0 
7fe2d78f9000-7fe2d78fc000 ---p 00000000 00:00 0 
7fe2d78fc000-7fe2d79fa000 rwxp 00000000 00:00 0 
7fe2d79fa000-7fe2d79fd000 ---p 00000000 00:00 0 
7fe2d79fd000-7fe2d7afb000 rwxp 00000000 00:00 0 
7fe2d7afb000-7fe2d7afe000 ---p 00000000 00:00 0 
7fe2d7afe000-7fe2d7bfc000 rwxp 00000000 00:00 0 
7fe2d7bfc000-7fe2d7bff000 ---p 00000000 00:00 0 
7fe2d7bff000-7fe2d7cfd000 rwxp 00000000 00:00 0 
7fe2d7cfd000-7fe2d7d00000 ---p 00000000 00:00 0 
7fe2d7d00000-7fe2d7dfe000 rwxp 00000000 00:00 0 
7fe2d7dfe000-7fe2d7e01000 ---p 00000000 00:00 0 
7fe2d7e01000-7fe2d7eff000 rwxp 00000000 00:00 0 
7fe2d7eff000-7fe2d7f00000 ---p 00000000 00:00 0 
7fe2d7f00000-7fe2d8000000 rwxp 00000000 00:00 0 
7fe2d8000000-7fe2d8021000 rwxp 00000000 00:00 0 
7fe2d8021000-7fe2dc000000 ---p 00000000 00:00 0 
7fe2dc000000-7fe2dc021000 rwxp 00000000 00:00 0 
7fe2dc021000-7fe2e0000000 ---p 00000000 00:00 0 
7fe2e0000000-7fe2e0021000 rwxp 00000000 00:00 0 
7fe2e0021000-7fe2e4000000 ---p 00000000 00:00 0 
7fe2e4000000-7fe2e4021000 rwxp 00000000 00:00 0 
7fe2e4021000-7fe2e8000000 ---p 00000000 00:00 0 
7fe2e8000000-7fe2e8021000 rwxp 00000000 00:00 0 
7fe2e8021000-7fe2ec000000 ---p 00000000 00:00 0 
7fe2ec000000-7fe2ec021000 rwxp 00000000 00:00 0 
7fe2ec021000-7fe2f0000000 ---p 00000000 00:00 0 
7fe2f0000000-7fe2f0021000 rwxp 00000000 00:00 0 
7fe2f0021000-7fe2f4000000 ---p 00000000 00:00 0 
7fe2f4000000-7fe2f4021000 rwxp 00000000 00:00 0 
7fe2f4021000-7fe2f8000000 ---p 00000000 00:00 0 
7fe2f8000000-7fe2f8021000 rwxp 00000000 00:00 0 
7fe2f8021000-7fe2fc000000 ---p 00000000 00:00 0 
7fe2fc000000-7fe2fc021000 rwxp 00000000 00:00 0 
7fe2fc021000-7fe300000000 ---p 00000000 00:00 0 
7fe300000000-7fe300021000 rwxp 00000000 00:00 0 
7fe300021000-7fe304000000 ---p 00000000 00:00 0 
7fe304000000-7fe304021000 rwxp 00000000 00:00 0 
7fe304021000-7fe308000000 ---p 00000000 00:00 0 
7fe308000000-7fe308021000 rwxp 00000000 00:00 0 
7fe308021000-7fe30c000000 ---p 00000000 00:00 0 
7fe30c000000-7fe30c021000 rwxp 00000000 00:00 0 
7fe30c021000-7fe310000000 ---p 00000000 00:00 0 
7fe310000000-7fe310021000 rwxp 00000000 00:00 0 
7fe310021000-7fe314000000 ---p 00000000 00:00 0 
7fe314000000-7fe314021000 rwxp 00000000 00:00 0 
7fe314021000-7fe318000000 ---p 00000000 00:00 0 
7fe318000000-7fe318021000 rwxp 00000000 00:00 0 
7fe318021000-7fe31c000000 ---p 00000000 00:00 0 
7fe31c000000-7fe31c001000 r-xs 00000000 fd:00 16255032                   /var/cache/fontconfig/df893b4576ad6107f9397134092c4059-le64.cache-3
7fe31c001000-7fe31c002000 r-xs 00000000 fd:00 16255031                   /var/cache/fontconfig/900402270e15d763a6e008bb2d4c7686-le64.cache-3
7fe31c002000-7fe31c003000 r-xs 00000000 fd:00 16255030                   /var/cache/fontconfig/47f48679023f44a4d1e44699a69464f6-le64.cache-3
7fe31c003000-7fe31c004000 r-xs 00000000 fd:00 16255029                   /var/cache/fontconfig/2881ed3fd21ca306ddad6f9b0dd3189f-le64.cache-3
7fe31c004000-7fe31c005000 r-xs 00000000 fd:00 16255028                   /var/cache/fontconfig/3c3fb04d32a5211b073874b125d29701-le64.cache-3
7fe31c005000-7fe31c006000 r-xs 00000000 fd:00 16255027                   /var/cache/fontconfig/e61abf8156cc476151baa07d67337cae-le64.cache-3
7fe31c006000-7fe31c00a000 r-xs 00000000 fd:00 16255026                   /var/cache/fontconfig/b67b32625a2bb51b023d3814a918f351-le64.cache-3
7fe31c00a000-7fe31c00b000 r-xs 00000000 fd:00 16255025                   /var/cache/fontconfig/991510d2da7f7b2bf8468002aae90060-le64.cache-3
7fe31c00b000-7fe31c00d000 r-xs 00000000 fd:00 16255024                   /var/cache/fontconfig/d3379abda271c4acd2ad0c01f565d0b0-le64.cache-3
7fe31c00d000-7fe31c00e000 r-xs 00000000 fd:00 16255023                   /var/cache/fontconfig/b4d0b56f766d89640448751fcd18ec1e-le64.cache-3
7fe31c00e000-7fe31c010000 r-xs 00000000 fd:00 16255022                   /var/cache/fontconfig/99a1ce9f8b6a0434aadb01d3779b0780-le64.cache-3
7fe31c010000-7fe31c012000 r-xs 00000000 fd:00 16255021                   /var/cache/fontconfig/f9d379b867d7c69c85310a4f24e5228f-le64.cache-3
7fe31c012000-7fe31c01b000 r-xs 00000000 fd:00 16255020                   /var/cache/fontconfig/12b26b760a24f8b4feb03ad48a333a72-le64.cache-3
7fe31c01b000-7fe31c022000 r-xs 00000000 fd:00 16255017                   /var/cache/fontconfig/928306c3ad40271d946e41014a49fc28-le64.cache-3
7fe31c022000-7fe31c023000 r-xs 00000000 fd:00 16255014                   /var/cache/fontconfig/1248881498ac025e45c3042f6afe9284-le64.cache-3
7fe31c023000-7fe31c026000 r-xs 00000000 fd:00 16255049                   /var/cache/fontconfig/beeeeb3dfe132a8a0633a017c99ce0c0-le64.cache-3
7fe31c026000-7fe31c03b000 r-xs 0025f000 00:1a 119281838                  /remote/Xilinx/14.6/EDK/eclipse/lin64/eclipse/plugins/org.eclipse.swt.gtk.linux.x86_64_3.8.1.v3836b.jar
7fe31c03b000-7fe31c04f000 r-xs 00142000 00:1a 119281849                  /remote/Xilinx/14.6/EDK/eclipse/lin64/eclipse/plugins/org.eclipse.osgi_3.8.2.v20130124-134944.jar
7fe31c04f000-7fe324ed0000 rwxp 00000000 00:00 0 
7fe324ed0000-7fe325350000 ---p 00000000 00:00 0 
7fe325350000-7fe32d000000 rwxp 00000000 00:00 0 
7fe32d000000-7fe334a00000 rwxp 00000000 00:00 0 
7fe334a00000-7fe33d000000 rwxp 00000000 00:00 0 
7fe33d000000-7fe345000000 rwxp 00000000 00:00 0 
7fe345000000-7fe345310000 rwxp 00000000 00:00 0 
7fe345310000-7fe34b2cb000 rwxp 00000000 00:00 0 
7fe34b2cb000-7fe34c000000 ---p 00000000 00:00 0 
7fe34c000000-7fe34c003000 r-xs 00014000 00:1a 119281750                  /remote/Xilinx/14.6/EDK/eclipse/lin64/eclipse/plugins/com.xilinx.sdk.tcf.debug.ui_1.0.0.jar
7fe34c003000-7fe34c007000 r-xs 00022000 00:1a 119281686                  /remote/Xilinx/14.6/EDK/eclipse/lin64/eclipse/plugins/org.eclipse.ui_3.8.2.v20121018-234953.jar
7fe34c007000-7fe34c008000 r-xs 00004000 00:1a 119281662                  /remote/Xilinx/14.6/EDK/eclipse/lin64/eclipse/plugins/org.eclipse.swt_3.8.1.v3836b.jar
7fe34c008000-7fe34c01d000 r-xs 000f6000 00:1a 119281690                  /remote/Xilinx/14.6/EDK/eclipse/lin64/eclipse/plugins/org.eclipse.jface_3.8.0.v20120912-135020.jar
7fe34c01d000-7fe34c01e000 r-xs 00002000 00:1a 119412226                  /remote/Xilinx/14.6/EDK/eclipse/lin64/eclipse/plugins/org.eclipse.ui.workbench.compatibility_3.2.101.v20120912-155656/compatibility.jar
7fe34c01e000-7fe34c065000 r-xs 003b5000 00:1a 119281739                  /remote/Xilinx/14.6/EDK/eclipse/lin64/eclipse/plugins/org.eclipse.ui.workbench_3.8.2.v20121128-133708.jar
7fe34c065000-7fe34c068000 r-xs 0000e000 00:1a 119281776                  /remote/Xilinx/14.6/EDK/eclipse/lin64/eclipse/plugins/org.eclipse.ui.ide.application_1.0.400.v20120523-1956.jar
7fe34c068000-7fe34c06a000 r-xs 00007000 00:1a 119281766                  /remote/Xilinx/14.6/EDK/eclipse/lin64/eclipse/plugins/com.xilinx.sdk.hw.sync_1.0.0.jar
7fe34c06a000-7fe34c06c000 r-xs 00010000 00:1a 119281856                  /remote/Xilinx/14.6/EDK/eclipse/lin64/eclipse/plugins/org.eclipse.equinox.p2.core_2.2.0.v20120430-0525.jar
7fe34c06c000-7fe34c070000 r-xs 0002d000 00:1a 119281910                  /remote/Xilinx/14.6/EDK/eclipse/lin64/eclipse/plugins/org.eclipse.equinox.p2.engine_2.2.0.v20130121-021919.jar
7fe34c070000-7fe34c072000 r-xs 0000a000 00:1a 119281895                  /remote/Xilinx/14.6/EDK/eclipse/lin64/eclipse/plugins/org.eclipse.ui.net_1.2.101.v20120914-093638.jar
7fe34c072000-7fe34c075000 r-xs 00018000 00:1a 119281846                  /remote/Xilinx/14.6/EDK/eclipse/lin64/eclipse/plugins/org.eclipse.equinox.security_1.1.100.v20120522-1841.jar
7fe34c075000-7fe34c077000 r-xs 0000d000 00:1a 119281917                  /remote/Xilinx/14.6/EDK/eclipse/lin64/eclipse/plugins/org.eclipse.core.filesystem_1.3.200.v20130115-145044.jar
7fe34c077000-7fe34c07a000 r-xs 00013000 00:1a 119281821                  /remote/Xilinx/14.6/EDK/eclipse/lin64/eclipse/plugins/org.eclipse.equinox.app_1.3.100.v20120522-1841.jar
7fe34c07a000-7fe34c07c000 r-xs 00015000 00:1a 119281780                  /remote/Xilinx/14.6/EDK/eclipse/lin64/eclipse/plugins/org.eclipse.core.jobs_3.5.200.v20120521-2346.jar
7fe34c07c000-7fe34c07e000 r-xs 00017000 00:1a 119281742                  /remote/Xilinx/14.6/EDK/eclipse/lin64/eclipse/plugins/org.eclipse.update.configurator_3.3.200.v20120912-142556.jar
7fe34c07e000-7fe34c07f000 r-xs 00005000 00:1a 119281822                  /remote/Xilinx/14.6/EDK/eclipse/lin64/eclipse/plugins/com.xilinx.sdk.launch.remote_1.0.0.jar
7fe34c07f000-7fe34c081000 r-xs 00010000 00:1a 119281909                  /remote/Xilinx/14.6/EDK/eclipse/lin64/eclipse/plugins/com.xilinx.sdk.debug.ui_1.0.0.jar
7fe34c081000-7fe34c083000 r-xs 00015000 00:1a 119281768                  /remote/Xilinx/14.6/EDK/eclipse/lin64/eclipse/plugins/org.eclipse.core.contenttype_3.4.200.v20120523-2004.jar
7fe34c083000-7fe34c4bb000 rwxp 00000000 00:00 0 
7fe34c4bb000-7fe34c652000 r-xs 02b02000 00:1a 23201227                   /remote/Xilinx/14.6/ISE/java6/lin64/jre/lib/rt.jar
7fe34c652000-7fe34c653000 ---p 00000000 00:00 0 
7fe34c653000-7fe34c753000 rwxp 00000000 00:00 0 
7fe34c753000-7fe34c754000 ---p 00000000 00:00 0 
7fe34c754000-7fe34c854000 rwxp 00000000 00:00 0 
7fe34c854000-7fe34c855000 ---p 00000000 00:00 0 
7fe34c855000-7fe34c955000 rwxp 00000000 00:00 0 
7fe34c955000-7fe34c956000 ---p 00000000 00:00 0 
7fe34c956000-7fe34ca56000 rwxp 00000000 00:00 0 
7fe34ca56000-7fe34ca57000 ---p 00000000 00:00 0 
7fe34ca57000-7fe34cb57000 rwxp 00000000 00:00 0 
7fe34cb57000-7fe34cb58000 ---p 00000000 00:00 0 
7fe34cb58000-7fe34cc58000 rwxp 00000000 00:00 0 
7fe34cc58000-7fe34cc59000 ---p 00000000 00:00 0 
7fe34cc59000-7fe34cd59000 rwxp 00000000 00:00 0 
7fe34cd59000-7fe34cd5a000 ---p 00000000 00:00 0 
7fe34cd5a000-7fe34ce5a000 rwxp 00000000 00:00 0 
7fe34ce5a000-7fe34ce5b000 ---p 00000000 00:00 0 
7fe34ce5b000-7fe34cf5b000 rwxp 00000000 00:00 0 
7fe34cf5b000-7fe34cf5c000 ---p 00000000 00:00 0 
7fe34cf5c000-7fe34d05c000 rwxp 00000000 00:00 0 
7fe34d05c000-7fe34d05d000 ---p 00000000 00:00 0 
7fe34d05d000-7fe34d15d000 rwxp 00000000 00:00 0 
7fe34d15d000-7fe34d15e000 ---p 00000000 00:00 0 
7fe34d15e000-7fe34d25e000 rwxp 00000000 00:00 0 
7fe34d25e000-7fe34d25f000 ---p 00000000 00:00 0 
7fe34d25f000-7fe34d35f000 rwxp 00000000 00:00 0 
7fe34d35f000-7fe34d360000 ---p 00000000 00:00 0 
7fe34d360000-7fe34d460000 rwxp 00000000 00:00 0 
7fe34d460000-7fe34d461000 ---p 00000000 00:00 0 
7fe34d461000-7fe34d561000 rwxp 00000000 00:00 0 
7fe34d561000-7fe34d562000 ---p 00000000 00:00 0 
7fe34d562000-7fe34d662000 rwxp 00000000 00:00 0 
7fe34d662000-7fe34d663000 ---p 00000000 00:00 0 
7fe34d663000-7fe34d763000 rwxp 00000000 00:00 0 
7fe34d763000-7fe34d764000 ---p 00000000 00:00 0 
7fe34d764000-7fe34d8a4000 rwxp 00000000 00:00 0 
7fe34d8a4000-7fe34d8a6000 ---p 00000000 00:00 0 
7fe34d8a6000-7fe34d8e4000 rwxp 00000000 00:00 0 
7fe34d8e4000-7fe34d921000 rwxp 00000000 00:00 0 
7fe34d921000-7fe34d964000 rwxp 00000000 00:00 0 
7fe34d964000-7fe34d9a4000 rwxp 00000000 00:00 0 
7fe34d9a4000-7fe34d9a6000 ---p 00000000 00:00 0 
7fe34d9a6000-7fe34d9e4000 rwxp 00000000 00:00 0 
7fe34d9e4000-7fe34da21000 rwxp 00000000 00:00 0 
7fe34da21000-7fe34da64000 rwxp 00000000 00:00 0 
7fe34da64000-7fe34daa4000 rwxp 00000000 00:00 0 
7fe34daa4000-7fe34dab2000 rwxp 00000000 00:00 0 
7fe34dab2000-7fe34db65000 rwxp 00000000 00:00 0 
7fe34db65000-7fe34db73000 r-xp 00000000 00:1a 23201289                   /remote/Xilinx/14.6/ISE/java6/lin64/jre/lib/amd64/libzip.so
7fe34db73000-7fe34dc75000 ---p 0000e000 00:1a 23201289                   /remote/Xilinx/14.6/ISE/java6/lin64/jre/lib/amd64/libzip.so
7fe34dc75000-7fe34dc78000 rwxp 00010000 00:1a 23201289                   /remote/Xilinx/14.6/ISE/java6/lin64/jre/lib/amd64/libzip.so
7fe34dc78000-7fe34dc79000 rwxp 00000000 00:00 0 
7fe34dc79000-7fe34dc7d000 r-xp 00000000 fd:00 41418816                   /lib64/libnss_hesiod-2.12.so
7fe34dc7d000-7fe34de7c000 ---p 00004000 fd:00 41418816                   /lib64/libnss_hesiod-2.12.so
7fe34de7c000-7fe34de7d000 r-xp 00003000 fd:00 41418816                   /lib64/libnss_hesiod-2.12.so
7fe34de7d000-7fe34de7e000 rwxp 00004000 fd:00 41418816                   /lib64/libnss_hesiod-2.12.so
7fe34de7e000-7fe34de8a000 r-xp 00000000 fd:00 41418810                   /lib64/libnss_files-2.12.so
7fe34de8a000-7fe34e08a000 ---p 0000c000 fd:00 41418810                   /lib64/libnss_files-2.12.so
7fe34e08a000-7fe34e08b000 r-xp 0000c000 fd:00 41418810                   /lib64/libnss_files-2.12.so
7fe34e08b000-7fe34e08c000 rwxp 0000d000 fd:00 41418810                   /lib64/libnss_files-2.12.so
7fe34e08c000-7fe34e08f000 r-xs 0002a000 00:1a 119281850                  /remote/Xilinx/14.6/EDK/eclipse/lin64/eclipse/plugins/org.eclipse.equinox.registry_3.5.200.v20120522-1841.jar
7fe34e08f000-7fe34e0aa000 r-xs 00000000 fd:00 72483022                   /usr/share/mime/mime.cache
7fe34e0aa000-7fe34e0b1000 r-xp 00000000 00:1a 23201314                   /remote/Xilinx/14.6/ISE/java6/lin64/jre/lib/amd64/native_threads/libhpi.so
7fe34e0b1000-7fe34e1b2000 ---p 00007000 00:1a 23201314                   /remote/Xilinx/14.6/ISE/java6/lin64/jre/lib/amd64/native_threads/libhpi.so
7fe34e1b2000-7fe34e1b4000 rwxp 00008000 00:1a 23201314                   /remote/Xilinx/14.6/ISE/java6/lin64/jre/lib/amd64/native_threads/libhpi.so
7fe34e1b4000-7fe34e1b5000 rwxp 00000000 00:00 0 
7fe34e1b5000-7fe34e1dd000 r-xp 00000000 00:1a 23201305                   /remote/Xilinx/14.6/ISE/java6/lin64/jre/lib/amd64/libjava.so
7fe34e1dd000-7fe34e2dd000 ---p 00028000 00:1a 23201305                   /remote/Xilinx/14.6/ISE/java6/lin64/jre/lib/amd64/libjava.so
7fe34e2dd000-7fe34e2e4000 rwxp 00028000 00:1a 23201305                   /remote/Xilinx/14.6/ISE/java6/lin64/jre/lib/amd64/libjava.so
7fe34e2e4000-7fe34e2f1000 r-xp 00000000 00:1a 23201327                   /remote/Xilinx/14.6/ISE/java6/lin64/jre/lib/amd64/libverify.so
7fe34e2f1000-7fe34e3f0000 ---p 0000d000 00:1a 23201327                   /remote/Xilinx/14.6/ISE/java6/lin64/jre/lib/amd64/libverify.so
7fe34e3f0000-7fe34e3f3000 rwxp 0000c000 00:1a 23201327                   /remote/Xilinx/14.6/ISE/java6/lin64/jre/lib/amd64/libverify.so
7fe34e3f3000-7fe34e3f6000 ---p 00000000 00:00 0 
7fe34e3f6000-7fe34e4f4000 rwxp 00000000 00:00 0 
7fe34e4f4000-7fe34ecce000 r-xp 00000000 00:1a 23201318                   /remote/Xilinx/14.6/ISE/java6/lin64/jre/lib/amd64/server/libjvm.so
7fe34ecce000-7fe34edd0000 ---p 007da000 00:1a 23201318                   /remote/Xilinx/14.6/ISE/java6/lin64/jre/lib/amd64/server/libjvm.so
7fe34edd0000-7fe34ef61000 rwxp 007dc000 00:1a 23201318                   /remote/Xilinx/14.6/ISE/java6/lin64/jre/lib/amd64/server/libjvm.so
7fe34ef61000-7fe34efa0000 rwxp 00000000 00:00 0 
7fe34efa0000-7fe34efa7000 r-xp 00000000 00:1a 23201309                   /remote/Xilinx/14.6/ISE/java6/lin64/jre/lib/amd64/jli/libjli.so
7fe34efa7000-7fe34f0a8000 ---p 00007000 00:1a 23201309                   /remote/Xilinx/14.6/ISE/java6/lin64/jre/lib/amd64/jli/libjli.so
7fe34f0a8000-7fe34f0aa000 rwxp 00008000 00:1a 23201309                   /remote/Xilinx/14.6/ISE/java6/lin64/jre/lib/amd64/jli/libjli.so
7fe34f0aa000-7fe34f0ab000 rwxp 00000000 00:00 0 
7fe34f0ab000-7fe34f0ad000 r-xs 00002000 00:1a 119544644                  /remote/Xilinx/14.6/EDK/eclipse/lin64/eclipse/plugins/org.eclipse.core.runtime.compatibility.registry_3.5.100.v20120521-2346/runtime_registry_compatibility.jar
7fe34f0ad000-7fe34f0af000 r-xs 00011000 00:1a 119281771                  /remote/Xilinx/14.6/EDK/eclipse/lin64/eclipse/plugins/org.eclipse.core.runtime_3.8.0.v20120521-2346.jar
7fe34f0af000-7fe34f0b1000 r-xs 0000d000 00:1a 119281676                  /remote/Xilinx/14.6/EDK/eclipse/lin64/eclipse/plugins/org.eclipse.equinox.p2.operations_2.2.0.v20130119-010614.jar
7fe34f0b1000-7fe34f0b3000 r-xs 0000d000 00:1a 119281810                  /remote/Xilinx/14.6/EDK/eclipse/lin64/eclipse/plugins/org.eclipse.equinox.p2.ui.sdk.scheduler_1.1.0.v20110815-1744.jar
7fe34f0b3000-7fe34f0b5000 r-xs 00005000 00:1a 119281886                  /remote/Xilinx/14.6/EDK/eclipse/lin64/eclipse/plugins/org.eclipse.cdt.codan.ui.cxx_3.0.0.201302132326.jar
7fe34f0b5000-7fe34f0b7000 r-xs 00010000 00:1a 119281656                  /remote/Xilinx/14.6/EDK/eclipse/lin64/eclipse/plugins/org.eclipse.core.net_1.2.200.v20120914-093638.jar
7fe34f0b7000-7fe34f0b8000 r-xs 00002000 00:1a 119281713                  /remote/Xilinx/14.6/EDK/eclipse/lin64/eclipse/plugins/com.xilinx.sdk.loggers_1.0.0.jar
7fe34f0b8000-7fe34f0ba000 r-xs 00002000 00:1a 119281773                  /remote/Xilinx/14.6/EDK/eclipse/lin64/eclipse/plugins/com.xilinx.sdk.startup_1.0.0.jar
7fe34f0ba000-7fe34f0bd000 r-xs 00018000 00:1a 119281899                  /remote/Xilinx/14.6/EDK/eclipse/lin64/eclipse/plugins/org.eclipse.equinox.common_3.6.100.v20120522-1841.jar
7fe34f0bd000-7fe34f0be000 r-xs 00009000 00:1a 119281819                  /remote/Xilinx/14.6/EDK/eclipse/lin64/eclipse/plugins/org.eclipse.core.net.linux.x86_64_1.1.0.v20120522-1148.jar
7fe34f0be000-7fe34f0bf000 r-xs 00000000 00:23 8274593                    /home/vens/.local/share/mime/mime.cache
7fe34f0bf000-7fe34f0c7000 rwxs 00000000 fd:00 48759395                   /tmp/hsperfdata_vens/13531
7fe34f0c7000-7fe34f0c8000 rwxp 00000000 00:00 0 
7fe34f0c8000-7fe34f0c9000 r-xp 00000000 00:00 0 
7fe34f0c9000-7fe34f0ca000 rwxp 00000000 00:00 0 
7fff69414000-7fff6942a000 rwxp 00000000 00:00 0                          [stack]
7fff6955f000-7fff69560000 r-xp 00000000 00:00 0                          [vdso]
ffffffffff600000-ffffffffff601000 r-xp 00000000 00:00 0                  [vsyscall]

VM Arguments:
jvm_args: -Xms40m -Xmx384m -Dcom.xilinx.sdk.args.hwspec=/tmp/cpre488_vens/MP-3/system/SDK/SDK_Export/hw/system.xml -XX:MaxPermSize=256m 
java_command: /remote/Xilinx/14.6/EDK/eclipse/lin64/eclipse//plugins/org.eclipse.equinox.launcher_1.3.0.v20120522-1813.jar -os linux -ws gtk -arch x86_64 -showsplash /remote/Xilinx/14.6/EDK/eclipse/lin64/eclipse//plugins/com.xilinx.sdk.product_1.0.0/splash.bmp -launcher /remote/Xilinx/14.6/EDK/eclipse/lin64/eclipse/eclipse -name Eclipse --launcher.library /remote/Xilinx/14.6/EDK/eclipse/lin64/eclipse//plugins/org.eclipse.equinox.launcher.gtk.linux.x86_64_1.1.200.v20120913-144807/eclipse_1502.so -startup /remote/Xilinx/14.6/EDK/eclipse/lin64/eclipse//plugins/org.eclipse.equinox.launcher_1.3.0.v20120522-1813.jar --launcher.overrideVmargs -exitdata 1a68028 -vm /remote/Xilinx/14.6/ISE/java6/lin64/jre/bin/java -vmargs -Xms40m -Xmx384m -Dcom.xilinx.sdk.args.hwspec=/tmp/cpre488_vens/MP-3/system/SDK/SDK_Export/hw/system.xml -XX:MaxPermSize=256m -jar /remote/Xilinx/14.6/EDK/eclipse/lin64/eclipse//plugins/org.eclipse.equinox.launcher_1.3.0.v20120522-1813.jar
Launcher Type: SUN_STANDARD

Environment Variables:
PATH=/remote/Xilinx/14.6/EDK/bin/lin64:/remote/Xilinx/14.6/common/bin/lin64:/remote/Xilinx/14.6/ISE/bin/lin64:/remote/Xilinx/14.6/EDK/gnu/microblaze/lin/bin:/remote/Xilinx/14.6/EDK/gnu/microblaze/linux_toolchain/lin64_le/bin:/remote/Xilinx/14.6/EDK/gnu/microblaze/linux_toolchain/lin64_be/bin:/remote/Xilinx/14.6/EDK/gnu/arm/lin/bin:/remote/Xilinx/14.6/EDK/gnu/microblaze/lin64/bin:/remote/Xilinx/14.6/EDK/gnu/powerpc-eabi/lin64/bin:/remote/Xilinx/14.6/ISE//bin/lin64:/remote/Xilinx/2013.2/./bin:/remote/Xilinx/2013.2/./.xinstall/bin/lin64:/remote/Xilinx/14.6/ISE/sysgen/util:/remote/Xilinx/14.6/ISE/sysgen/bin:/remote/Xilinx/14.6/ISE/../../../DocNav:/remote/Xilinx/14.6/PlanAhead/bin:/remote/Xilinx/14.6/EDK/gnu/powerpc-eabi/lin/bin:/usr/lib64/qt-3.3/bin:/usr/local/bin:/bin:/usr/bin:/usr/local/sbin:/usr/sbin:/sbin:/remote/Modelsim/10.1c/modeltech/linux_x86_64/
LD_LIBRARY_PATH=/remote/Xilinx/14.6/ISE/java6/lin64/jre/lib/amd64/server:/remote/Xilinx/14.6/ISE/java6/lin64/jre/lib/amd64:/remote/Xilinx/14.6/ISE/java6/lin64/jre/../lib/amd64:/remote/Xilinx/14.6/EDK/lib/lin64:/remote/Xilinx/14.6/common/lib/lin64:/remote/Xilinx/14.6/ISE/lib/lin64:/remote/Xilinx/14.6/ISE//lib/lin64:/remote/Xilinx/14.6/ISE/smartmodel/lin64/installed_lin64/lib:/remote/Xilinx/14.6/ISE/sysgen/lib
SHELL=/bin/bash
DISPLAY=localhost:10.0
ARCH=arm

Signal Handlers:
SIGSEGV: [libjvm.so+0x7311c0], sa_mask[0]=0x7ffbfeff, sa_flags=0x10000004
SIGBUS: [libjvm.so+0x7311c0], sa_mask[0]=0x7ffbfeff, sa_flags=0x10000004
SIGFPE: [libjvm.so+0x5f5da0], sa_mask[0]=0x7ffbfeff, sa_flags=0x10000004
SIGPIPE: SIG_IGN, sa_mask[0]=0x00001000, sa_flags=0x10000000
SIGXFSZ: [libjvm.so+0x5f5da0], sa_mask[0]=0x7ffbfeff, sa_flags=0x10000004
SIGILL: [libjvm.so+0x5f5da0], sa_mask[0]=0x7ffbfeff, sa_flags=0x10000004
SIGUSR1: SIG_DFL, sa_mask[0]=0x00000000, sa_flags=0x00000000
SIGUSR2: [libjvm.so+0x5f85c0], sa_mask[0]=0x00000000, sa_flags=0x10000004
SIGHUP: [libjvm.so+0x5f8310], sa_mask[0]=0x7ffbfeff, sa_flags=0x10000004
SIGINT: [libjvm.so+0x5f8310], sa_mask[0]=0x7ffbfeff, sa_flags=0x10000004
SIGTERM: [libjvm.so+0x5f8310], sa_mask[0]=0x7ffbfeff, sa_flags=0x10000004
SIGQUIT: [libjvm.so+0x5f8310], sa_mask[0]=0x7ffbfeff, sa_flags=0x10000004


---------------  S Y S T E M  ---------------

OS:Red Hat Enterprise Linux Workstation release 6.6 (Santiago)

uname:Linux 2.6.32-504.el6.x86_64 #1 SMP Tue Sep 16 01:56:35 EDT 2014 x86_64
libc:glibc 2.12 NPTL 2.12 
rlimit: STACK 10240k, CORE 0k, NPROC 1024, NOFILE 4096, AS infinity
load average:10.72 11.37 11.07

CPU:total 24 (16 cores per cpu, 2 threads per core) family 6 model 44 stepping 2, cmov, cx8, fxsr, mmx, sse, sse2, sse3, ssse3, sse4.1, sse4.2, popcnt, ht

Memory: 4k page, physical 49409280k(30386744k free), swap 24772604k(24772604k free)

vm_info: Java HotSpot(TM) 64-Bit Server VM (17.0-b16) for linux-amd64 JRE (1.6.0_21-b06), built on Jun 22 2010 01:10:00 by "java_re" with gcc 3.2.2 (SuSE Linux)

time: Mon Oct 27 20:02:01 2014
elapsed time: 24 seconds

